unfused-novec 8000 8000 1 384 Y 2000 4.271 839.2 9.99936e-01 6.74576e-01
unfused-novec 8000 8000 1 384 N 2000 3.378 1061 7.55770e-05 3.06327e-05
unfused-novec 8000 8000 2 192 Y 2000 5.409 662.6 9.99936e-01 6.74578e-01
unfused-novec 8000 8000 2 192 N 2000 5.294 677 1.14757e-01 4.93530e-02
unfused-novec 8000 8000 3 128 Y 2000 3.695 969.8 9.99936e-01 6.74579e-01
unfused-novec 8000 8000 3 128 N 2000 3.402 1053 4.65897e-01 2.15601e-01
unfused-novec 8000 8000 4 96 Y 2000 3.068 1168 9.99936e-01 6.74579e-01
unfused-novec 8000 8000 4 96 N 2000 2.916 1229 7.42144e-01 3.47097e-01
unfused-novec 8000 8000 6 64 Y 2000 3.06 1171 9.99936e-01 6.74579e-01
unfused-novec 8000 8000 6 64 N 2000 2.973 1206 9.52213e-01 -nan
unfused-novec 8000 8000 8 48 Y 2000 3.067 1168 9.99936e-01 6.74579e-01
unfused-novec 8000 8000 8 48 N 2000 2.85 1257 9.93528e-01 5.18510e-01
unfused-novec 8000 8000 12 32 Y 2000 2.955 1213 9.99936e-01 6.74579e-01
unfused-novec 8000 8000 12 32 N 2000 2.93 1223 9.99897e-01 -nan
unfused-novec 8000 8000 16 24 Y 2000 3.051 1175 9.99936e-01 6.74579e-01
unfused-novec 8000 8000 16 24 N 2000 2.896 1238 9.99936e-01 5.70502e-01
unfused-novec 8000 8000 24 16 Y 2000 2.944 1217 9.99936e-01 6.74579e-01
unfused-novec 8000 8000 24 16 N 2000 2.909 1232 9.99936e-01 5.70887e-01
unfused-novec 8000 8000 32 12 Y 2000 2.964 1209 9.99936e-01 6.74579e-01
unfused-novec 8000 8000 32 12 N 2000 2.835 1264 9.99897e-01 -nan
unfused-novec 8000 8000 48 8 Y 2000 2.878 1245 9.99936e-01 6.74579e-01
unfused-novec 8000 8000 48 8 N 2000 2.872 1248 9.93528e-01 5.19410e-01
unfused-novec 8000 8000 64 6 Y 2000 2.914 1230 9.99936e-01 6.74579e-01
unfused-novec 8000 8000 64 6 N 2000 2.872 1248 9.52213e-01 -nan
unfused-novec 8000 8000 96 4 Y 2000 2.932 1222 9.99936e-01 6.74579e-01
unfused-novec 8000 8000 96 4 N 2000 2.853 1256 7.51358e-01 -nan
unfused-novec 8000 8000 128 3 Y 2000 4.572 783.9 9.99936e-01 6.74579e-01
unfused-novec 8000 8000 128 3 N 2000 3.396 1055 4.82822e-01 2.20002e-01
unfused-novec 8000 8000 192 2 Y 2000 4.781 749.6 9.99936e-01 6.74579e-01
unfused-novec 8000 8000 192 2 N 2000 4.826 742.6 1.14757e-01 5.17880e-02
unfused-novec 8000 8000 384 1 Y 2000 3.524 1017 9.99936e-01 6.74579e-01
unfused-novec 8000 8000 384 1 N 2000 3.581 1001 7.55770e-05 3.37161e-05
unfused-vec 8000 8000 1 384 Y 2000 3.264 1098 9.99936e-01 6.74576e-01
unfused-vec 8000 8000 1 384 N 2000 2.461 1456 1.71553e-04 6.92766e-05
unfused-vec 8000 8000 2 192 Y 2000 2.642 1357 9.99936e-01 6.74578e-01
unfused-vec 8000 8000 2 192 N 2000 2.275 1576 1.14757e-01 5.38190e-02
unfused-vec 8000 8000 3 128 Y 2000 2.368 1514 9.99936e-01 6.74579e-01
unfused-vec 8000 8000 3 128 N 2000 2.156 1663 4.65897e-01 2.15669e-01
unfused-vec 8000 8000 4 96 Y 2000 2.311 1551 9.99936e-01 6.74579e-01
unfused-vec 8000 8000 4 96 N 2000 2.113 1696 7.51035e-01 3.53771e-01
unfused-vec 8000 8000 6 64 Y 2000 2.195 1633 9.99936e-01 6.74579e-01
unfused-vec 8000 8000 6 64 N 2000 2.091 1714 9.54116e-01 4.73396e-01
unfused-vec 8000 8000 8 48 Y 2000 2.191 1636 9.99936e-01 6.74579e-01
unfused-vec 8000 8000 8 48 N 2000 2.149 1667 9.93823e-01 5.19313e-01
unfused-vec 8000 8000 12 32 Y 2000 2.154 1664 9.99936e-01 6.74579e-01
unfused-vec 8000 8000 12 32 N 2000 2.075 1727 9.99897e-01 5.58434e-01
unfused-vec 8000 8000 16 24 Y 2000 2.166 1654 9.99936e-01 6.74579e-01
unfused-vec 8000 8000 16 24 N 2000 2.111 1698 9.99936e-01 5.71525e-01
unfused-vec 8000 8000 24 16 Y 2000 2.156 1662 9.99936e-01 6.74579e-01
unfused-vec 8000 8000 24 16 N 2000 2.058 1742 9.99936e-01 -nan
unfused-vec 8000 8000 32 12 Y 2000 2.126 1686 9.99936e-01 6.74579e-01
unfused-vec 8000 8000 32 12 N 2000 2.067 1734 9.99897e-01 -nan
unfused-vec 8000 8000 48 8 Y 2000 2.151 1667 9.99936e-01 6.74579e-01
unfused-vec 8000 8000 48 8 N 2000 2.026 1769 9.93528e-01 -nan
unfused-vec 8000 8000 64 6 Y 2000 2.219 1615 9.99936e-01 6.74579e-01
unfused-vec 8000 8000 64 6 N 2000 2.012 1781 9.52213e-01 -nan
unfused-vec 8000 8000 96 4 Y 2000 2.205 1626 9.99936e-01 6.74579e-01
unfused-vec 8000 8000 96 4 N 2000 2.018 1776 7.51358e-01 3.49589e-01
unfused-vec 8000 8000 128 3 Y 2000 2.863 1252 9.99936e-01 6.74579e-01
unfused-vec 8000 8000 128 3 N 2000 2.139 1676 4.82822e-01 2.20029e-01
unfused-vec 8000 8000 192 2 Y 2000 3.061 1171 9.99936e-01 6.74579e-01
unfused-vec 8000 8000 192 2 N 2000 2.122 1689 1.14757e-01 5.17880e-02
unfused-vec 8000 8000 384 1 Y 2000 2.553 1404 9.99936e-01 6.74579e-01
unfused-vec 8000 8000 384 1 N 2000 2.239 1601 7.55770e-05 3.37161e-05
fused-novec 8000 8000 1 384 Y 2000 5.071 706.8 9.99936e-01 6.74577e-01
fused-novec 8000 8000 1 384 N 2000 4.038 887.6 7.55770e-05 3.06327e-05
fused-novec 8000 8000 2 192 Y 2000 10 358.4 9.99936e-01 6.74578e-01
fused-novec 8000 8000 2 192 N 2000 6.952 515.6 1.14757e-01 4.93530e-02
fused-novec 8000 8000 3 128 Y 2000 4.136 866.6 9.99936e-01 6.74579e-01
fused-novec 8000 8000 3 128 N 2000 4 895.9 4.65897e-01 2.15601e-01
fused-novec 8000 8000 4 96 Y 2000 2.634 1361 9.99936e-01 6.74579e-01
fused-novec 8000 8000 4 96 N 2000 2.497 1435 7.42144e-01 3.47097e-01
fused-novec 8000 8000 6 64 Y 2000 2.636 1360 9.99936e-01 6.74579e-01
fused-novec 8000 8000 6 64 N 2000 2.539 1411 9.52213e-01 4.69816e-01
fused-novec 8000 8000 8 48 Y 2000 2.575 1392 9.99936e-01 6.74579e-01
fused-novec 8000 8000 8 48 N 2000 2.441 1468 9.93528e-01 -nan
fused-novec 8000 8000 12 32 Y 2000 2.503 1432 9.99936e-01 6.74579e-01
fused-novec 8000 8000 12 32 N 2000 2.4 1493 9.99897e-01 -nan
fused-novec 8000 8000 16 24 Y 2000 2.542 1410 9.99936e-01 6.74579e-01
fused-novec 8000 8000 16 24 N 2000 2.529 1417 9.99936e-01 -nan
fused-novec 8000 8000 24 16 Y 2000 2.532 1416 9.99936e-01 6.74579e-01
fused-novec 8000 8000 24 16 N 2000 2.465 1454 9.99936e-01 -nan
fused-novec 8000 8000 32 12 Y 2000 2.514 1426 9.99936e-01 6.74579e-01
fused-novec 8000 8000 32 12 N 2000 2.505 1431 9.99897e-01 -nan
fused-novec 8000 8000 48 8 Y 2000 2.565 1397 9.99936e-01 6.74579e-01
fused-novec 8000 8000 48 8 N 2000 2.499 1434 9.93528e-01 5.19410e-01
fused-novec 8000 8000 64 6 Y 2000 2.522 1421 9.99936e-01 6.74579e-01
fused-novec 8000 8000 64 6 N 2000 2.506 1430 9.52213e-01 4.69747e-01
fused-novec 8000 8000 96 4 Y 2000 2.527 1418 9.99936e-01 6.74579e-01
fused-novec 8000 8000 96 4 N 2000 2.462 1456 7.51358e-01 -nan
fused-novec 8000 8000 128 3 Y 2000 4.208 851.8 9.99936e-01 6.74579e-01
fused-novec 8000 8000 128 3 N 2000 3.848 931.4 4.82822e-01 2.20002e-01
fused-novec 8000 8000 192 2 Y 2000 8.367 428.3 9.99936e-01 6.74579e-01
fused-novec 8000 8000 192 2 N 2000 7.265 493.3 1.14757e-01 5.17880e-02
fused-novec 8000 8000 384 1 Y 2000 3.893 920.6 9.99936e-01 6.74579e-01
fused-novec 8000 8000 384 1 N 2000 3.809 940.8 7.55770e-05 3.37161e-05
fused-vec 8000 8000 1 384 Y 2000 3.167 1132 9.99936e-01 6.74578e-01
fused-vec 8000 8000 1 384 N 2000 2.373 1510 1.71553e-04 6.92766e-05
fused-vec 8000 8000 2 192 Y 2000 2.629 1363 9.99936e-01 6.74578e-01
fused-vec 8000 8000 2 192 N 2000 2.315 1548 1.14757e-01 5.38190e-02
fused-vec 8000 8000 3 128 Y 2000 2.334 1535 9.99936e-01 6.74579e-01
fused-vec 8000 8000 3 128 N 2000 2.074 1728 4.65897e-01 2.15669e-01
fused-vec 8000 8000 4 96 Y 2000 2.186 1640 9.99936e-01 6.74579e-01
fused-vec 8000 8000 4 96 N 2000 1.944 1843 7.51035e-01 3.53771e-01
fused-vec 8000 8000 6 64 Y 2000 2.098 1709 9.99936e-01 6.74579e-01
fused-vec 8000 8000 6 64 N 2000 1.903 1883 9.54116e-01 -nan
fused-vec 8000 8000 8 48 Y 2000 2.09 1715 9.99936e-01 6.74579e-01
fused-vec 8000 8000 8 48 N 2000 1.882 1904 9.93823e-01 -nan
fused-vec 8000 8000 12 32 Y 2000 2.023 1771 9.99936e-01 6.74579e-01
fused-vec 8000 8000 12 32 N 2000 1.899 1887 9.99897e-01 5.58434e-01
fused-vec 8000 8000 16 24 Y 2000 2.026 1769 9.99936e-01 6.74579e-01
fused-vec 8000 8000 16 24 N 2000 1.859 1928 9.99936e-01 -nan
fused-vec 8000 8000 24 16 Y 2000 1.991 1800 9.99936e-01 6.74579e-01
fused-vec 8000 8000 24 16 N 2000 1.849 1938 9.99936e-01 5.70887e-01
fused-vec 8000 8000 32 12 Y 2000 2.006 1786 9.99936e-01 6.74579e-01
fused-vec 8000 8000 32 12 N 2000 1.842 1945 9.99897e-01 5.58414e-01
fused-vec 8000 8000 48 8 Y 2000 2.011 1782 9.99936e-01 6.74579e-01
fused-vec 8000 8000 48 8 N 2000 1.873 1913 9.93528e-01 -nan
fused-vec 8000 8000 64 6 Y 2000 2.029 1767 9.99936e-01 6.74579e-01
fused-vec 8000 8000 64 6 N 2000 1.854 1933 9.52213e-01 -nan
fused-vec 8000 8000 96 4 Y 2000 2.1 1706 9.99936e-01 6.74579e-01
fused-vec 8000 8000 96 4 N 2000 1.857 1930 7.51358e-01 -nan
fused-vec 8000 8000 128 3 Y 2000 2.355 1522 9.99936e-01 6.74579e-01
fused-vec 8000 8000 128 3 N 2000 1.932 1855 4.82822e-01 2.20029e-01
fused-vec 8000 8000 192 2 Y 2000 2.622 1367 9.99936e-01 6.74579e-01
fused-vec 8000 8000 192 2 N 2000 2.104 1704 1.14757e-01 5.17880e-02
fused-vec 8000 8000 384 1 Y 2000 2.461 1456 9.99936e-01 6.74579e-01
fused-vec 8000 8000 384 1 N 2000 2.262 1584 7.55770e-05 3.37161e-05
ref 8000 8000 1 384 Y 2000 2.578 1390 9.99936e-01 6.74579e-01
ref 8000 8000 1 384 N 2000 2.383 1504 9.99936e-01 6.74579e-01
ref 8000 8000 2 192 Y 2000 2.529 1417 9.99936e-01 6.74579e-01
ref 8000 8000 2 192 N 2000 2.303 1556 9.99936e-01 6.75545e-01
ref 8000 8000 3 128 Y 2000 2.495 1437 9.99936e-01 6.74579e-01
ref 8000 8000 3 128 N 2000 2.346 1528 9.99936e-01 6.74579e-01
ref 8000 8000 4 96 Y 2000 2.449 1463 9.99936e-01 6.74579e-01
ref 8000 8000 4 96 N 2000 2.34 1531 9.99936e-01 6.75548e-01
ref 8000 8000 6 64 Y 2000 2.434 1472 9.99936e-01 6.74579e-01
ref 8000 8000 6 64 N 2000 2.349 1526 9.99936e-01 6.75464e-01
ref 8000 8000 8 48 Y 2000 2.427 1477 9.99936e-01 6.74579e-01
ref 8000 8000 8 48 N 2000 2.335 1535 9.99936e-01 6.75549e-01
ref 8000 8000 12 32 Y 2000 2.423 1479 9.99936e-01 6.74579e-01
ref 8000 8000 12 32 N 2000 2.341 1531 9.99936e-01 6.75382e-01
ref 8000 8000 16 24 Y 2000 2.427 1477 9.99936e-01 6.74579e-01
ref 8000 8000 16 24 N 2000 2.394 1497 9.99936e-01 6.75551e-01
ref 8000 8000 24 16 Y 2000 2.505 1431 9.99936e-01 6.74579e-01
ref 8000 8000 24 16 N 2000 2.429 1475 9.99936e-01 6.75229e-01
ref 8000 8000 32 12 Y 2000 2.591 1383 9.99936e-01 6.74579e-01
ref 8000 8000 32 12 N 2000 2.514 1426 9.99936e-01 6.75551e-01
ref 8000 8000 48 8 Y 2000 2.645 1355 9.99936e-01 6.74579e-01
ref 8000 8000 48 8 N 2000 2.547 1407 9.99936e-01 6.74977e-01
ref 8000 8000 64 6 Y 2000 2.661 1347 9.99936e-01 6.74579e-01
ref 8000 8000 64 6 N 2000 2.535 1414 9.99936e-01 6.75552e-01
ref 8000 8000 96 4 Y 2000 2.744 1306 9.99936e-01 6.74579e-01
ref 8000 8000 96 4 N 2000 2.567 1396 9.99936e-01 6.74700e-01
ref 8000 8000 128 3 Y 2000 2.915 1230 9.99936e-01 6.74579e-01
ref 8000 8000 128 3 N 2000 2.655 1350 9.99936e-01 6.74768e-01
ref 8000 8000 192 2 Y 2000 3.09 1160 9.99936e-01 6.74579e-01
ref 8000 8000 192 2 N 2000 2.668 1343 9.99936e-01 6.75494e-01
ref 8000 8000 384 1 Y 2000 3.316 1081 9.99936e-01 6.74579e-01
ref 8000 8000 384 1 N 2000 2.834 1265 9.99936e-01 6.75354e-01
