unfused-novec 400 400    1 1      Y     400  1.578 1.135    9.92444e-01 6.25037e-01
unfused-novec 400 400    1 1      N     400  1.57 1.141    9.92444e-01 6.11731e-01
unfused-novec 400 400    1 2      Y     400  0.8018 2.235    9.92444e-01 6.25037e-01
unfused-novec 400 400    1 2      N     400  0.797 2.248    9.87887e-01 5.66185e-01
unfused-novec 400 400    2 1      Y     400  0.7981 2.245    9.92444e-01 6.25037e-01
unfused-novec 400 400    2 1      N     400  0.7938 2.258    9.92444e-01 6.02521e-01
unfused-novec 400 400    1 4      Y     400  0.4028 4.449    9.92444e-01 6.25037e-01
unfused-novec 400 400    1 4      N     400  0.3945 4.543    9.87887e-01 5.52469e-01
unfused-novec 400 400    2 2      Y     400  0.4052 4.422    9.92444e-01 6.25037e-01
unfused-novec 400 400    2 2      N     400  0.3989 4.492    9.87887e-01 5.58775e-01
unfused-novec 400 400    4 1      Y     400  0.4039 4.437    9.92444e-01 6.25037e-01
unfused-novec 400 400    4 1      N     400  0.3971 4.513    9.92444e-01 5.88161e-01
unfused-novec 400 400    1 8      Y     400  0.2054 8.723    9.92444e-01 6.25037e-01
unfused-novec 400 400    1 8      N     400  0.1979 9.053    9.87887e-01 5.23960e-01
unfused-novec 400 400    2 4      Y     400  0.205 8.743    9.92444e-01 6.25037e-01
unfused-novec 400 400    2 4      N     400  0.1973 9.082    9.87887e-01 5.45234e-01
unfused-novec 400 400    4 2      Y     400  0.2064 8.682    9.92444e-01 6.25037e-01
unfused-novec 400 400    4 2      N     400  0.1988 9.015    9.87887e-01 5.45234e-01
unfused-novec 400 400    8 1      Y     400  0.2051 8.738    9.92444e-01 6.25037e-01
unfused-novec 400 400    8 1      N     400  0.1979 9.053    9.92366e-01 5.58460e-01
