fused-vec 400 400    1 1      Y     400  0.7534 2.379    9.92444e-01 6.25037e-01
fused-vec 400 400    1 1      N     400  0.7505 2.388    9.92444e-01 6.11731e-01
fused-vec 400 400    1 2      Y     400  0.3743 4.787    9.92444e-01 6.25037e-01
fused-vec 400 400    1 2      N     400  0.3705 4.836    9.87887e-01 5.66185e-01
fused-vec 400 400    2 1      Y     400  0.3716 4.822    9.92444e-01 6.25037e-01
fused-vec 400 400    2 1      N     400  0.3681 4.868    9.92444e-01 6.02521e-01
fused-vec 400 400    1 4      Y     400  0.194 9.236    9.92444e-01 6.25037e-01
fused-vec 400 400    1 4      N     400  0.1848 9.698    9.87887e-01 5.52469e-01
fused-vec 400 400    2 2      Y     400  0.1932 9.277    9.92444e-01 6.25037e-01
fused-vec 400 400    2 2      N     400  0.1862 9.623    9.87887e-01 5.58775e-01
fused-vec 400 400    4 1      Y     400  0.1933 9.27    9.92444e-01 6.25037e-01
fused-vec 400 400    4 1      N     400  0.1842 9.726    9.92444e-01 5.88161e-01
fused-vec 400 400    1 8      Y     400  0.1018 17.6    9.92444e-01 6.25037e-01
fused-vec 400 400    1 8      N     400  0.09267 19.34    9.87887e-01 5.23960e-01
fused-vec 400 400    2 4      Y     400  0.1011 17.73    9.92444e-01 6.25037e-01
fused-vec 400 400    2 4      N     400  0.09268 19.34    9.87887e-01 5.45234e-01
fused-vec 400 400    4 2      Y     400  0.1002 17.88    9.92444e-01 6.25037e-01
fused-vec 400 400    4 2      N     400  0.09286 19.3    9.87887e-01 5.45234e-01
fused-vec 400 400    8 1      Y     400  0.2471 7.251    9.92444e-01 6.25037e-01
fused-vec 400 400    8 1      N     400  0.09232 19.41    9.92366e-01 5.58460e-01
