unfused-vec 400 400    1 1      Y     400  1.025 1.749    9.92444e-01 6.25037e-01
unfused-vec 400 400    1 1      N     400  1.039 1.725    9.92444e-01 6.11731e-01
unfused-vec 400 400    1 2      Y     400  0.4961 3.612    9.92444e-01 6.25037e-01
unfused-vec 400 400    1 2      N     400  0.4905 3.653    9.87887e-01 5.66185e-01
unfused-vec 400 400    2 1      Y     400  0.4965 3.609    9.92444e-01 6.25037e-01
unfused-vec 400 400    2 1      N     400  0.4869 3.681    9.92444e-01 6.02521e-01
unfused-vec 400 400    1 4      Y     400  0.2518 7.117    9.92444e-01 6.25037e-01
unfused-vec 400 400    1 4      N     400  0.2457 7.292    9.87887e-01 5.52469e-01
unfused-vec 400 400    2 2      Y     400  0.2532 7.076    9.92444e-01 6.25037e-01
unfused-vec 400 400    2 2      N     400  0.2478 7.231    9.87887e-01 5.58775e-01
unfused-vec 400 400    4 1      Y     400  0.2556 7.012    9.92444e-01 6.25037e-01
unfused-vec 400 400    4 1      N     400  0.2442 7.338    9.92444e-01 5.88161e-01
unfused-vec 400 400    1 8      Y     400  0.1346 13.31    9.92444e-01 6.25037e-01
unfused-vec 400 400    1 8      N     400  0.1218 14.72    9.87887e-01 5.23960e-01
unfused-vec 400 400    2 4      Y     400  0.1367 13.11    9.92444e-01 6.25037e-01
unfused-vec 400 400    2 4      N     400  0.2522 7.105    9.87887e-01 5.45234e-01
unfused-vec 400 400    4 2      Y     400  0.134 13.37    9.92444e-01 6.25037e-01
unfused-vec 400 400    4 2      N     400  0.1237 14.48    9.87887e-01 5.45234e-01
unfused-vec 400 400    8 1      Y     400  0.1334 13.43    9.92444e-01 6.25037e-01
unfused-vec 400 400    8 1      N     400  0.1236 14.49    9.92366e-01 5.58460e-01
