unfused-novec 1800 1800 1 48 Y 2000 1.011 179.5 9.96750e-01 6.48606e-01
unfused-novec 1800 1800 1 48 N 2000 0.9409 192.8 8.61484e-01 3.10614e-01
unfused-novec 1800 1800 2 24 Y 2000 0.9706 186.9 9.96750e-01 6.48606e-01
unfused-novec 1800 1800 2 24 N 2000 0.9211 197 9.94529e-01 4.93439e-01
unfused-novec 1800 1800 3 16 Y 2000 1.016 178.6 9.96750e-01 6.48606e-01
unfused-novec 1800 1800 3 16 N 2000 0.9708 186.9 9.96703e-01 5.35659e-01
unfused-novec 1800 1800 4 12 Y 2000 0.9595 189.1 9.96750e-01 6.48606e-01
unfused-novec 1800 1800 4 12 N 2000 0.9177 197.7 9.96749e-01 5.54524e-01
unfused-novec 1800 1800 6 8 Y 2000 0.9636 188.3 9.96750e-01 6.48606e-01
unfused-novec 1800 1800 6 8 N 2000 0.9181 197.6 9.96750e-01 5.65877e-01
unfused-novec 1800 1800 8 6 Y 2000 0.9563 189.7 9.96750e-01 6.48606e-01
unfused-novec 1800 1800 8 6 N 2000 0.9164 198 9.96750e-01 5.65877e-01
unfused-novec 1800 1800 12 4 Y 2000 0.9479 191.4 9.96750e-01 6.48606e-01
unfused-novec 1800 1800 12 4 N 2000 0.9161 198.1 9.96749e-01 5.54524e-01
unfused-novec 1800 1800 16 3 Y 2000 0.9977 181.9 9.96750e-01 6.48606e-01
unfused-novec 1800 1800 16 3 N 2000 0.9776 185.6 9.96708e-01 5.45592e-01
unfused-novec 1800 1800 24 2 Y 2000 0.9473 191.5 9.96750e-01 6.48606e-01
unfused-novec 1800 1800 24 2 N 2000 0.916 198.1 9.94529e-01 4.93439e-01
unfused-novec 1800 1800 48 1 Y 2000 0.9536 190.3 9.96750e-01 6.48606e-01
unfused-novec 1800 1800 48 1 N 2000 0.9174 197.8 8.77226e-01 3.23286e-01
unfused-vec 1800 1800 1 48 Y 2000 0.6189 293.2 9.96750e-01 6.48606e-01
unfused-vec 1800 1800 1 48 N 2000 0.5461 332.2 8.77213e-01 3.22753e-01
unfused-vec 1800 1800 2 24 Y 2000 0.5989 303 9.96750e-01 6.48606e-01
unfused-vec 1800 1800 2 24 N 2000 0.5482 331 9.94737e-01 4.98750e-01
unfused-vec 1800 1800 3 16 Y 2000 0.6981 259.9 9.96750e-01 6.48606e-01
unfused-vec 1800 1800 3 16 N 2000 0.6673 271.9 9.96703e-01 5.35659e-01
unfused-vec 1800 1800 4 12 Y 2000 0.5734 316.4 9.96750e-01 6.48606e-01
unfused-vec 1800 1800 4 12 N 2000 0.5346 339.4 9.96749e-01 5.54524e-01
unfused-vec 1800 1800 6 8 Y 2000 0.5872 309 9.96750e-01 6.48606e-01
unfused-vec 1800 1800 6 8 N 2000 0.5513 329.1 9.96750e-01 5.67313e-01
unfused-vec 1800 1800 8 6 Y 2000 0.5898 307.6 9.96750e-01 6.48606e-01
unfused-vec 1800 1800 8 6 N 2000 0.5463 332.1 9.96750e-01 5.65877e-01
unfused-vec 1800 1800 12 4 Y 2000 0.5675 319.7 9.96750e-01 6.48606e-01
unfused-vec 1800 1800 12 4 N 2000 0.5286 343.2 9.96749e-01 5.54524e-01
unfused-vec 1800 1800 16 3 Y 2000 0.6827 265.8 9.96750e-01 6.48606e-01
unfused-vec 1800 1800 16 3 N 2000 0.6538 277.5 9.96708e-01 5.45592e-01
unfused-vec 1800 1800 24 2 Y 2000 0.561 323.4 9.96750e-01 6.48606e-01
unfused-vec 1800 1800 24 2 N 2000 0.5293 342.8 9.94529e-01 4.93439e-01
unfused-vec 1800 1800 48 1 Y 2000 0.5694 318.7 9.96750e-01 6.48606e-01
unfused-vec 1800 1800 48 1 N 2000 0.5383 337.1 8.77226e-01 3.23286e-01
fused-novec 1800 1800 1 48 Y 2000 0.875 207.4 9.96750e-01 6.48606e-01
fused-novec 1800 1800 1 48 N 2000 0.8013 226.4 8.61484e-01 3.10614e-01
fused-novec 1800 1800 2 24 Y 2000 0.8337 217.6 9.96750e-01 6.48606e-01
fused-novec 1800 1800 2 24 N 2000 0.7835 231.6 9.94529e-01 4.93439e-01
fused-novec 1800 1800 3 16 Y 2000 1.023 177.4 9.96750e-01 6.48606e-01
fused-novec 1800 1800 3 16 N 2000 0.9859 184 9.96703e-01 5.35659e-01
fused-novec 1800 1800 4 12 Y 2000 0.8132 223.1 9.96750e-01 6.48606e-01
fused-novec 1800 1800 4 12 N 2000 0.7776 233.3 9.96749e-01 5.54524e-01
fused-novec 1800 1800 6 8 Y 2000 0.8205 221.1 9.96750e-01 6.48606e-01
fused-novec 1800 1800 6 8 N 2000 0.7814 232.2 9.96750e-01 5.65877e-01
fused-novec 1800 1800 8 6 Y 2000 0.8207 221.1 9.96750e-01 6.48606e-01
fused-novec 1800 1800 8 6 N 2000 0.7831 231.7 9.96750e-01 5.65877e-01
fused-novec 1800 1800 12 4 Y 2000 0.8076 224.7 9.96750e-01 6.48606e-01
fused-novec 1800 1800 12 4 N 2000 0.7724 234.9 9.96749e-01 5.54524e-01
fused-novec 1800 1800 16 3 Y 2000 1.004 180.8 9.96750e-01 6.48606e-01
fused-novec 1800 1800 16 3 N 2000 0.9817 184.8 9.96708e-01 5.45592e-01
fused-novec 1800 1800 24 2 Y 2000 0.8027 226 9.96750e-01 6.48606e-01
fused-novec 1800 1800 24 2 N 2000 0.7751 234.1 9.94529e-01 4.93439e-01
fused-novec 1800 1800 48 1 Y 2000 0.8065 225 9.96750e-01 6.48606e-01
fused-novec 1800 1800 48 1 N 2000 0.7809 232.3 8.77226e-01 3.23286e-01
fused-vec 1800 1800 1 48 Y 2000 0.5215 347.9 9.96750e-01 6.48606e-01
fused-vec 1800 1800 1 48 N 2000 0.4551 398.7 8.77213e-01 3.22753e-01
fused-vec 1800 1800 2 24 Y 2000 0.5035 360.3 9.96750e-01 6.48606e-01
fused-vec 1800 1800 2 24 N 2000 0.4575 396.6 9.94737e-01 4.98750e-01
fused-vec 1800 1800 3 16 Y 2000 0.5918 306.6 9.96750e-01 6.48606e-01
fused-vec 1800 1800 3 16 N 2000 0.5507 329.5 9.96703e-01 5.35659e-01
fused-vec 1800 1800 4 12 Y 2000 0.4806 377.5 9.96750e-01 6.48606e-01
fused-vec 1800 1800 4 12 N 2000 0.4444 408.3 9.96749e-01 5.54524e-01
fused-vec 1800 1800 6 8 Y 2000 0.4927 368.2 9.96750e-01 6.48606e-01
fused-vec 1800 1800 6 8 N 2000 0.4575 396.6 9.96750e-01 5.67313e-01
fused-vec 1800 1800 8 6 Y 2000 0.4838 375.1 9.96750e-01 6.48606e-01
fused-vec 1800 1800 8 6 N 2000 0.4529 400.6 9.96750e-01 5.65877e-01
fused-vec 1800 1800 12 4 Y 2000 0.469 386.9 9.96750e-01 6.48606e-01
fused-vec 1800 1800 12 4 N 2000 0.4372 415 9.96749e-01 5.54524e-01
fused-vec 1800 1800 16 3 Y 2000 0.5752 315.4 9.96750e-01 6.48606e-01
fused-vec 1800 1800 16 3 N 2000 0.5527 328.3 9.96708e-01 5.45592e-01
fused-vec 1800 1800 24 2 Y 2000 0.4697 386.3 9.96750e-01 6.48606e-01
fused-vec 1800 1800 24 2 N 2000 0.4404 412 9.94529e-01 4.93439e-01
fused-vec 1800 1800 48 1 Y 2000 0.4728 383.8 9.96750e-01 6.48606e-01
fused-vec 1800 1800 48 1 N 2000 0.4469 406 8.77226e-01 3.23286e-01
ref 1800 1800 1 48 Y 2000 0.8129 223.2 9.96750e-01 6.48606e-01
ref 1800 1800 1 48 N 2000 0.7783 233.1 9.96750e-01 6.48596e-01
ref 1800 1800 2 24 Y 2000 0.8035 225.8 9.96750e-01 6.48606e-01
ref 1800 1800 2 24 N 2000 0.7731 234.7 9.96750e-01 6.37392e-01
ref 1800 1800 3 16 Y 2000 0.8054 225.3 9.96750e-01 6.48606e-01
ref 1800 1800 3 16 N 2000 0.7738 234.5 9.96750e-01 6.48552e-01
ref 1800 1800 4 12 Y 2000 0.8047 225.5 9.96750e-01 6.48606e-01
ref 1800 1800 4 12 N 2000 0.7736 234.5 9.96750e-01 6.37392e-01
ref 1800 1800 6 8 Y 2000 0.8051 225.4 9.96750e-01 6.48606e-01
ref 1800 1800 6 8 N 2000 0.7742 234.4 9.96750e-01 6.37392e-01
ref 1800 1800 8 6 Y 2000 0.8134 223.1 9.96750e-01 6.48606e-01
ref 1800 1800 8 6 N 2000 0.7759 233.8 9.96750e-01 6.37392e-01
ref 1800 1800 12 4 Y 2000 0.8182 221.7 9.96750e-01 6.48606e-01
ref 1800 1800 12 4 N 2000 0.7792 232.9 9.96750e-01 6.37392e-01
ref 1800 1800 16 3 Y 2000 0.8235 220.3 9.96750e-01 6.48606e-01
ref 1800 1800 16 3 N 2000 0.7902 229.6 9.96750e-01 6.44944e-01
ref 1800 1800 24 2 Y 2000 0.8351 217.3 9.96750e-01 6.48606e-01
ref 1800 1800 24 2 N 2000 0.7952 228.2 9.96750e-01 6.37392e-01
ref 1800 1800 48 1 Y 2000 0.8887 204.2 9.96750e-01 6.48606e-01
ref 1800 1800 48 1 N 2000 0.8287 218.9 9.96750e-01 6.45443e-01
