fused-novec 400 400    1 1      Y     400  3.887 0.461    9.92444e-01 6.25037e-01
fused-novec 400 400    1 1      N     400  3.892 0.4605    9.92444e-01 6.11731e-01
fused-novec 400 400    1 2      Y     400  1.972 0.9087    9.92444e-01 6.25037e-01
fused-novec 400 400    1 2      N     400  1.966 0.9113    9.87887e-01 5.66185e-01
fused-novec 400 400    2 1      Y     400  1.971 0.9092    9.92444e-01 6.25037e-01
fused-novec 400 400    2 1      N     400  1.966 0.9114    9.92444e-01 6.02521e-01
fused-novec 400 400    1 4      Y     400  0.9928 1.805    9.92444e-01 6.25037e-01
fused-novec 400 400    1 4      N     400  0.9845 1.82    9.87887e-01 5.52469e-01
fused-novec 400 400    2 2      Y     400  0.9903 1.809    9.92444e-01 6.25037e-01
fused-novec 400 400    2 2      N     400  0.9843 1.821    9.87887e-01 5.58775e-01
fused-novec 400 400    4 1      Y     400  0.991 1.808    9.92444e-01 6.25037e-01
fused-novec 400 400    4 1      N     400  0.9852 1.819    9.92444e-01 5.88161e-01
fused-novec 400 400    1 8      Y     400  0.4998 3.586    9.92444e-01 6.25037e-01
fused-novec 400 400    1 8      N     400  0.4899 3.658    9.87887e-01 5.23960e-01
fused-novec 400 400    2 4      Y     400  0.5029 3.563    9.92444e-01 6.25037e-01
fused-novec 400 400    2 4      N     400  0.4935 3.631    9.87887e-01 5.45234e-01
fused-novec 400 400    4 2      Y     400  0.5014 3.574    9.92444e-01 6.25037e-01
fused-novec 400 400    4 2      N     400  0.4925 3.639    9.87887e-01 5.45234e-01
fused-novec 400 400    8 1      Y     400  0.5006 3.58    9.92444e-01 6.25037e-01
fused-novec 400 400    8 1      N     400  0.492 3.642    9.92366e-01 5.58460e-01
