unfused-novec 8000 8000 1 960 Y 2000 2.323 1543 9.99936e-01 6.74571e-01
unfused-novec 8000 8000 1 960 N 2000 2.102 1705 6.63913e-26 3.32033e-26
unfused-novec 8000 8000 2 480 Y 2000 1.738 2063 9.99936e-01 6.74578e-01
unfused-novec 8000 8000 2 480 N 2000 1.427 2512 6.13509e-07 1.79745e-07
unfused-novec 8000 8000 3 320 Y 2000 1.603 2236 9.99936e-01 6.74579e-01
unfused-novec 8000 8000 3 320 N 2000 1.348 2659 1.22132e-03 5.73275e-04
unfused-novec 8000 8000 4 240 Y 2000 1.616 2217 9.99936e-01 6.74579e-01
unfused-novec 8000 8000 4 240 N 2000 1.302 2752 inf -nan
unfused-novec 8000 8000 5 192 Y 2000 1.537 2332 9.99936e-01 6.74579e-01
unfused-novec 8000 8000 5 192 N 2000 1.249 2870 1.14757e-01 -nan
unfused-novec 8000 8000 6 160 Y 2000 1.552 2309 9.99936e-01 6.74579e-01
unfused-novec 8000 8000 6 160 N 2000 1.355 2644 2.48276e-01 -nan
unfused-novec 8000 8000 8 120 Y 2000 1.5 2389 9.99936e-01 6.74579e-01
unfused-novec 8000 8000 8 120 N 2000 1.236 2900 5.46450e-01 2.42997e-01
unfused-novec 8000 8000 10 96 Y 2000 1.576 2275 9.99936e-01 6.74579e-01
unfused-novec 8000 8000 10 96 N 2000 1.372 2612 7.42144e-01 3.37983e-01
unfused-novec 8000 8000 12 80 Y 2000 1.487 2410 9.99936e-01 6.74579e-01
unfused-novec 8000 8000 12 80 N 2000 1.223 2930 8.65029e-01 3.99701e-01
unfused-novec 8000 8000 15 64 Y 2000 1.571 2281 9.99936e-01 6.74579e-01
unfused-novec 8000 8000 15 64 N 2000 1.4 2560 9.52213e-01 -nan
unfused-novec 8000 8000 16 60 Y 2000 1.474 2432 9.99936e-01 6.74579e-01
unfused-novec 8000 8000 16 60 N 2000 1.212 2957 9.66500e-01 4.62021e-01
unfused-novec 8000 8000 20 48 Y 2000 1.358 2640 9.99936e-01 6.74579e-01
unfused-novec 8000 8000 20 48 N 2000 1.196 2997 9.93528e-01 4.91632e-01
unfused-novec 8000 8000 24 40 Y 2000 1.378 2600 9.99936e-01 6.74579e-01
unfused-novec 8000 8000 24 40 N 2000 1.209 2966 9.98914e-01 -nan
unfused-novec 8000 8000 30 32 Y 2000 1.422 2521 9.99936e-01 6.74579e-01
unfused-novec 8000 8000 30 32 N 2000 1.275 2811 9.99886e-01 5.13396e-01
unfused-novec 8000 8000 32 30 Y 2000 1.465 2446 9.99936e-01 6.74579e-01
unfused-novec 8000 8000 32 30 N 2000 1.122 3194 9.99886e-01 -nan
unfused-novec 8000 8000 40 24 Y 2000 1.315 2726 9.99936e-01 6.74579e-01
unfused-novec 8000 8000 40 24 N 2000 1.145 3131 9.98914e-01 5.06159e-01
unfused-novec 8000 8000 48 20 Y 2000 1.547 2317 9.99936e-01 6.74579e-01
unfused-novec 8000 8000 48 20 N 2000 1.153 3108 9.93528e-01 4.92489e-01
unfused-novec 8000 8000 60 16 Y 2000 1.396 2567 9.99936e-01 6.74579e-01
unfused-novec 8000 8000 60 16 N 2000 1.126 3183 9.67952e-01 -nan
unfused-novec 8000 8000 64 15 Y 2000 1.454 2464 9.99936e-01 6.74579e-01
unfused-novec 8000 8000 64 15 N 2000 1.14 3143 9.52213e-01 -nan
unfused-novec 8000 8000 80 12 Y 2000 1.266 2830 9.99936e-01 6.74579e-01
unfused-novec 8000 8000 80 12 N 2000 1.113 3220 8.65029e-01 -nan
unfused-novec 8000 8000 96 10 Y 2000 1.301 2754 9.99936e-01 6.74579e-01
unfused-novec 8000 8000 96 10 N 2000 1.128 3176 7.51358e-01 3.40417e-01
unfused-novec 8000 8000 120 8 Y 2000 1.319 2717 9.99936e-01 6.74579e-01
unfused-novec 8000 8000 120 8 N 2000 1.253 2861 5.46450e-01 -nan
unfused-novec 8000 8000 160 6 Y 2000 1.339 2676 9.99936e-01 6.74579e-01
unfused-novec 8000 8000 160 6 N 2000 1.262 2840 2.48276e-01 1.13352e-01
unfused-novec 8000 8000 192 5 Y 2000 1.311 2734 9.99936e-01 6.74579e-01
unfused-novec 8000 8000 192 5 N 2000 1.234 2904 1.14757e-01 -nan
unfused-novec 8000 8000 240 4 Y 2000 1.305 2746 9.99936e-01 6.74579e-01
unfused-novec 8000 8000 240 4 N 2000 1.136 3154 2.95693e-02 1.20569e-02
unfused-novec 8000 8000 320 3 Y 2000 1.22 2938 9.99936e-01 6.74579e-01
unfused-novec 8000 8000 320 3 N 2000 1.168 3067 1.22132e-03 -nan
unfused-novec 8000 8000 480 2 Y 2000 1.282 2796 9.99936e-01 6.74579e-01
unfused-novec 8000 8000 480 2 N 2000 1.127 3180 6.13509e-07 -nan
unfused-novec 8000 8000 960 1 Y 2000 1.898 1888 9.99936e-01 6.74579e-01
unfused-novec 8000 8000 960 1 N 2000 1.697 2112 4.37070e-21 1.37307e-21
unfused-vec 8000 8000 1 960 Y 2000 1.383 2591 9.99936e-01 6.74572e-01
unfused-vec 8000 8000 1 960 N 2000 0.9043 3963 6.63913e-26 3.32033e-26
unfused-vec 8000 8000 2 480 Y 2000 0.9843 3641 9.99936e-01 6.74578e-01
unfused-vec 8000 8000 2 480 N 2000 0.7389 4850 2.67780e-06 7.88393e-07
unfused-vec 8000 8000 3 320 Y 2000 0.9529 3761 9.99936e-01 6.74579e-01
unfused-vec 8000 8000 3 320 N 2000 0.7083 5060 2.02154e-03 9.67998e-04
unfused-vec 8000 8000 4 240 Y 2000 0.9734 3682 9.99936e-01 6.74579e-01
unfused-vec 8000 8000 4 240 N 2000 0.8149 4398 inf -nan
unfused-vec 8000 8000 5 192 Y 2000 0.9991 3587 9.99936e-01 6.74579e-01
unfused-vec 8000 8000 5 192 N 2000 0.6615 5418 1.14757e-01 5.30916e-02
unfused-vec 8000 8000 6 160 Y 2000 0.8595 4170 9.99936e-01 6.74579e-01
unfused-vec 8000 8000 6 160 N 2000 0.6622 5412 2.48276e-01 1.13370e-01
unfused-vec 8000 8000 8 120 Y 2000 1.083 3308 9.99936e-01 6.74579e-01
unfused-vec 8000 8000 8 120 N 2000 0.6466 5543 5.60849e-01 2.46005e-01
unfused-vec 8000 8000 10 96 Y 2000 0.9031 3968 9.99936e-01 6.74579e-01
unfused-vec 8000 8000 10 96 N 2000 0.7048 5085 7.51035e-01 3.44496e-01
unfused-vec 8000 8000 12 80 Y 2000 0.9274 3864 9.99936e-01 6.74579e-01
unfused-vec 8000 8000 12 80 N 2000 0.6791 5278 8.65029e-01 -nan
unfused-vec 8000 8000 15 64 Y 2000 0.8277 4330 9.99936e-01 6.74579e-01
unfused-vec 8000 8000 15 64 N 2000 0.7292 4915 9.54116e-01 -nan
unfused-vec 8000 8000 16 60 Y 2000 0.9162 3912 9.99936e-01 6.74579e-01
unfused-vec 8000 8000 16 60 N 2000 0.6768 5296 9.67871e-01 4.65166e-01
unfused-vec 8000 8000 20 48 Y 2000 0.8353 4291 9.99936e-01 6.74579e-01
unfused-vec 8000 8000 20 48 N 2000 0.6793 5276 9.93823e-01 -nan
unfused-vec 8000 8000 24 40 Y 2000 0.8058 4448 9.99936e-01 6.74579e-01
unfused-vec 8000 8000 24 40 N 2000 0.6648 5391 9.98914e-01 -nan
unfused-vec 8000 8000 30 32 Y 2000 0.9087 3944 9.99936e-01 6.74579e-01
unfused-vec 8000 8000 30 32 N 2000 0.698 5135 9.99886e-01 5.13396e-01
unfused-vec 8000 8000 32 30 Y 2000 0.7448 4812 9.99936e-01 6.74579e-01
unfused-vec 8000 8000 32 30 N 2000 0.6565 5459 9.99886e-01 -nan
unfused-vec 8000 8000 40 24 Y 2000 0.8171 4386 9.99936e-01 6.74579e-01
unfused-vec 8000 8000 40 24 N 2000 0.6359 5636 9.98914e-01 -nan
unfused-vec 8000 8000 48 20 Y 2000 0.8705 4117 9.99936e-01 6.74579e-01
unfused-vec 8000 8000 48 20 N 2000 0.6415 5587 9.93528e-01 4.92489e-01
unfused-vec 8000 8000 60 16 Y 2000 0.9629 3722 9.99936e-01 6.74579e-01
unfused-vec 8000 8000 60 16 N 2000 0.6824 5252 9.67952e-01 -nan
unfused-vec 8000 8000 64 15 Y 2000 0.7702 4653 9.99936e-01 6.74579e-01
unfused-vec 8000 8000 64 15 N 2000 0.6408 5593 9.52213e-01 4.51307e-01
unfused-vec 8000 8000 80 12 Y 2000 0.6808 5265 9.99936e-01 6.74579e-01
unfused-vec 8000 8000 80 12 N 2000 0.6173 5806 8.65029e-01 3.99685e-01
unfused-vec 8000 8000 96 10 Y 2000 0.674 5317 9.99936e-01 6.74579e-01
unfused-vec 8000 8000 96 10 N 2000 0.6039 5934 7.51358e-01 -nan
unfused-vec 8000 8000 120 8 Y 2000 0.6639 5398 9.99936e-01 6.74579e-01
unfused-vec 8000 8000 120 8 N 2000 0.6099 5876 5.46450e-01 2.46233e-01
unfused-vec 8000 8000 160 6 Y 2000 0.8801 4072 9.99936e-01 6.74579e-01
unfused-vec 8000 8000 160 6 N 2000 0.5817 6161 2.48276e-01 -nan
unfused-vec 8000 8000 192 5 Y 2000 0.6934 5169 9.99936e-01 6.74579e-01
unfused-vec 8000 8000 192 5 N 2000 0.6072 5902 1.14757e-01 5.09632e-02
unfused-vec 8000 8000 240 4 Y 2000 0.8507 4213 9.99936e-01 6.74579e-01
unfused-vec 8000 8000 240 4 N 2000 0.7158 5007 2.95693e-02 1.20569e-02
unfused-vec 8000 8000 320 3 Y 2000 0.7026 5101 9.99936e-01 6.74579e-01
unfused-vec 8000 8000 320 3 N 2000 0.6113 5863 1.22132e-03 -nan
unfused-vec 8000 8000 480 2 Y 2000 0.7842 4570 9.99936e-01 6.74579e-01
unfused-vec 8000 8000 480 2 N 2000 0.5967 6006 6.13509e-07 2.50473e-07
unfused-vec 8000 8000 960 1 Y 2000 0.891 4022 9.99936e-01 6.74579e-01
unfused-vec 8000 8000 960 1 N 2000 0.7583 4726 4.37070e-21 1.37307e-21
fused-novec 8000 8000 1 960 Y 2000 2.23 1607 9.99936e-01 6.74574e-01
fused-novec 8000 8000 1 960 N 2000 1.872 1915 6.63913e-26 3.32033e-26
fused-novec 8000 8000 2 480 Y 2000 1.211 2959 9.99936e-01 6.74578e-01
fused-novec 8000 8000 2 480 N 2000 0.9379 3821 6.13509e-07 1.79745e-07
fused-novec 8000 8000 3 320 Y 2000 1.151 3114 9.99936e-01 6.74579e-01
fused-novec 8000 8000 3 320 N 2000 0.8925 4015 inf -nan
fused-novec 8000 8000 4 240 Y 2000 1.193 3005 9.99936e-01 6.74579e-01
fused-novec 8000 8000 4 240 N 2000 1.069 3353 2.33427e-02 -nan
fused-novec 8000 8000 5 192 Y 2000 1.305 2746 9.99936e-01 6.74579e-01
fused-novec 8000 8000 5 192 N 2000 0.8666 4136 1.14757e-01 4.86862e-02
fused-novec 8000 8000 6 160 Y 2000 1.062 3376 9.99936e-01 6.74579e-01
fused-novec 8000 8000 6 160 N 2000 0.9301 3853 2.48276e-01 1.13370e-01
fused-novec 8000 8000 8 120 Y 2000 1.191 3008 9.99936e-01 6.74579e-01
fused-novec 8000 8000 8 120 N 2000 0.9678 3703 5.46450e-01 2.42997e-01
fused-novec 8000 8000 10 96 Y 2000 1.204 2977 9.99936e-01 6.74579e-01
fused-novec 8000 8000 10 96 N 2000 0.9877 3629 7.42144e-01 3.37983e-01
fused-novec 8000 8000 12 80 Y 2000 1.28 2801 9.99936e-01 6.74579e-01
fused-novec 8000 8000 12 80 N 2000 0.9931 3609 8.65029e-01 3.99701e-01
fused-novec 8000 8000 15 64 Y 2000 1.267 2829 9.99936e-01 6.74579e-01
fused-novec 8000 8000 15 64 N 2000 1.099 3262 9.52213e-01 4.51676e-01
fused-novec 8000 8000 16 60 Y 2000 1.162 3085 9.99936e-01 6.74579e-01
fused-novec 8000 8000 16 60 N 2000 1.056 3395 9.66500e-01 4.62021e-01
fused-novec 8000 8000 20 48 Y 2000 1.176 3048 9.99936e-01 6.74579e-01
fused-novec 8000 8000 20 48 N 2000 1.055 3397 9.93528e-01 4.91632e-01
fused-novec 8000 8000 24 40 Y 2000 1.137 3151 9.99936e-01 6.74579e-01
fused-novec 8000 8000 24 40 N 2000 1.026 3495 9.98914e-01 5.06502e-01
fused-novec 8000 8000 30 32 Y 2000 1.381 2595 9.99936e-01 6.74579e-01
fused-novec 8000 8000 30 32 N 2000 1.048 3420 9.99886e-01 5.13396e-01
fused-novec 8000 8000 32 30 Y 2000 1.193 3005 9.99936e-01 6.74579e-01
fused-novec 8000 8000 32 30 N 2000 0.9816 3651 9.99886e-01 -nan
fused-novec 8000 8000 40 24 Y 2000 1.074 3338 9.99936e-01 6.74579e-01
fused-novec 8000 8000 40 24 N 2000 0.9791 3661 9.98914e-01 5.06159e-01
fused-novec 8000 8000 48 20 Y 2000 1.186 3021 9.99936e-01 6.74579e-01
fused-novec 8000 8000 48 20 N 2000 0.9394 3815 9.93528e-01 -nan
fused-novec 8000 8000 60 16 Y 2000 1.231 2913 9.99936e-01 6.74579e-01
fused-novec 8000 8000 60 16 N 2000 0.9822 3649 9.67952e-01 4.63197e-01
fused-novec 8000 8000 64 15 Y 2000 1.082 3311 9.99936e-01 6.74579e-01
fused-novec 8000 8000 64 15 N 2000 1.028 3487 9.52213e-01 4.50808e-01
fused-novec 8000 8000 80 12 Y 2000 1.15 3118 9.99936e-01 6.74579e-01
fused-novec 8000 8000 80 12 N 2000 1.061 3378 8.65029e-01 3.99577e-01
fused-novec 8000 8000 96 10 Y 2000 1.157 3098 9.99936e-01 6.74579e-01
fused-novec 8000 8000 96 10 N 2000 1.088 3295 7.51358e-01 -nan
fused-novec 8000 8000 120 8 Y 2000 1.244 2881 9.99936e-01 6.74579e-01
fused-novec 8000 8000 120 8 N 2000 1.12 3199 5.46450e-01 -nan
fused-novec 8000 8000 160 6 Y 2000 1.147 3125 9.99936e-01 6.74579e-01
fused-novec 8000 8000 160 6 N 2000 1.09 3289 2.48276e-01 1.13352e-01
fused-novec 8000 8000 192 5 Y 2000 1.143 3134 9.99936e-01 6.74579e-01
fused-novec 8000 8000 192 5 N 2000 1.116 3211 1.14757e-01 -nan
fused-novec 8000 8000 240 4 Y 2000 1.229 2916 9.99936e-01 6.74579e-01
fused-novec 8000 8000 240 4 N 2000 1.165 3075 2.95693e-02 -nan
fused-novec 8000 8000 320 3 Y 2000 1.308 2740 9.99936e-01 6.74579e-01
fused-novec 8000 8000 320 3 N 2000 1.126 3184 1.22132e-03 -nan
fused-novec 8000 8000 480 2 Y 2000 1.391 2577 9.99936e-01 6.74579e-01
fused-novec 8000 8000 480 2 N 2000 1.131 3168 6.13509e-07 2.50473e-07
fused-novec 8000 8000 960 1 Y 2000 2.529 1417 9.99936e-01 6.74579e-01
fused-novec 8000 8000 960 1 N 2000 2.092 1713 4.37070e-21 1.37307e-21
fused-vec 8000 8000 1 960 Y 2000 1.243 2882 9.99936e-01 6.74568e-01
fused-vec 8000 8000 1 960 N 2000 0.8623 4156 6.63913e-26 3.32033e-26
fused-vec 8000 8000 2 480 Y 2000 0.9928 3610 9.99936e-01 6.74578e-01
fused-vec 8000 8000 2 480 N 2000 0.747 4798 inf -nan
fused-vec 8000 8000 3 320 Y 2000 0.871 4115 9.99936e-01 6.74579e-01
fused-vec 8000 8000 3 320 N 2000 0.711 5041 2.02154e-03 9.67998e-04
fused-vec 8000 8000 4 240 Y 2000 0.956 3749 9.99936e-01 6.74579e-01
fused-vec 8000 8000 4 240 N 2000 0.7394 4847 2.94472e-02 1.38664e-02
fused-vec 8000 8000 5 192 Y 2000 0.8364 4285 9.99936e-01 6.74579e-01
fused-vec 8000 8000 5 192 N 2000 0.6371 5626 1.14757e-01 -nan
fused-vec 8000 8000 6 160 Y 2000 0.7526 4762 9.99936e-01 6.74579e-01
fused-vec 8000 8000 6 160 N 2000 0.6514 5502 2.48276e-01 -nan
fused-vec 8000 8000 8 120 Y 2000 0.8021 4468 9.99936e-01 6.74579e-01
fused-vec 8000 8000 8 120 N 2000 0.6081 5894 5.60849e-01 2.46005e-01
fused-vec 8000 8000 10 96 Y 2000 0.7138 5021 9.99936e-01 6.74579e-01
fused-vec 8000 8000 10 96 N 2000 0.6386 5613 7.51035e-01 3.44496e-01
fused-vec 8000 8000 12 80 Y 2000 0.7943 4512 9.99936e-01 6.74579e-01
fused-vec 8000 8000 12 80 N 2000 0.6561 5463 8.65029e-01 3.99701e-01
fused-vec 8000 8000 15 64 Y 2000 0.7684 4664 9.99936e-01 6.74579e-01
fused-vec 8000 8000 15 64 N 2000 0.6629 5407 9.54116e-01 -nan
fused-vec 8000 8000 16 60 Y 2000 0.7689 4661 9.99936e-01 6.74579e-01
fused-vec 8000 8000 16 60 N 2000 0.5976 5997 9.67871e-01 4.65166e-01
fused-vec 8000 8000 20 48 Y 2000 0.6679 5366 9.99936e-01 6.74579e-01
fused-vec 8000 8000 20 48 N 2000 0.5767 6215 9.93823e-01 -nan
fused-vec 8000 8000 24 40 Y 2000 0.6515 5501 9.99936e-01 6.74579e-01
fused-vec 8000 8000 24 40 N 2000 0.5504 6512 9.98914e-01 -nan
fused-vec 8000 8000 30 32 Y 2000 0.7302 4908 9.99936e-01 6.74579e-01
fused-vec 8000 8000 30 32 N 2000 0.564 6354 9.99886e-01 -nan
fused-vec 8000 8000 32 30 Y 2000 0.6676 5368 9.99936e-01 6.74579e-01
fused-vec 8000 8000 32 30 N 2000 0.5295 6769 9.99886e-01 5.13344e-01
fused-vec 8000 8000 40 24 Y 2000 0.578 6200 9.99936e-01 6.74579e-01
fused-vec 8000 8000 40 24 N 2000 0.5199 6893 9.98914e-01 5.07068e-01
fused-vec 8000 8000 48 20 Y 2000 0.6423 5580 9.99936e-01 6.74579e-01
fused-vec 8000 8000 48 20 N 2000 0.5193 6902 9.93528e-01 4.92489e-01
fused-vec 8000 8000 60 16 Y 2000 0.5967 6006 9.99936e-01 6.74579e-01
fused-vec 8000 8000 60 16 N 2000 0.521 6879 9.67952e-01 4.63197e-01
fused-vec 8000 8000 64 15 Y 2000 0.5974 5999 9.99936e-01 6.74579e-01
fused-vec 8000 8000 64 15 N 2000 0.5212 6876 9.52213e-01 4.51307e-01
fused-vec 8000 8000 80 12 Y 2000 0.6724 5330 9.99936e-01 6.74579e-01
fused-vec 8000 8000 80 12 N 2000 0.5197 6897 8.65029e-01 3.99685e-01
fused-vec 8000 8000 96 10 Y 2000 0.586 6116 9.99936e-01 6.74579e-01
fused-vec 8000 8000 96 10 N 2000 0.5113 7009 7.51358e-01 3.40417e-01
fused-vec 8000 8000 120 8 Y 2000 0.5645 6349 9.99936e-01 6.74579e-01
fused-vec 8000 8000 120 8 N 2000 0.5188 6908 5.46450e-01 -nan
fused-vec 8000 8000 160 6 Y 2000 0.6293 5695 9.99936e-01 6.74579e-01
fused-vec 8000 8000 160 6 N 2000 0.5036 7117 2.48276e-01 1.13396e-01
fused-vec 8000 8000 192 5 Y 2000 0.6175 5804 9.99936e-01 6.74579e-01
fused-vec 8000 8000 192 5 N 2000 0.5272 6799 1.14757e-01 -nan
fused-vec 8000 8000 240 4 Y 2000 0.7009 5114 9.99936e-01 6.74579e-01
fused-vec 8000 8000 240 4 N 2000 0.5606 6393 2.95693e-02 1.20569e-02
fused-vec 8000 8000 320 3 Y 2000 0.6535 5485 9.99936e-01 6.74579e-01
fused-vec 8000 8000 320 3 N 2000 0.5076 7060 1.22132e-03 5.72039e-04
fused-vec 8000 8000 480 2 Y 2000 0.5528 6484 9.99936e-01 6.74579e-01
fused-vec 8000 8000 480 2 N 2000 0.5075 7062 6.13509e-07 2.50473e-07
fused-vec 8000 8000 960 1 Y 2000 0.6936 5168 9.99936e-01 6.74579e-01
fused-vec 8000 8000 960 1 N 2000 0.6133 5843 4.37070e-21 1.37307e-21
ref 8000 8000 1 960 Y 2000 1.238 2894 9.99936e-01 6.74579e-01
ref 8000 8000 1 960 N 2000 1.073 3341 9.99936e-01 6.74581e-01
ref 8000 8000 2 480 Y 2000 1.12 3199 9.99936e-01 6.74579e-01
ref 8000 8000 2 480 N 2000 0.9318 3846 9.99936e-01 6.75545e-01
ref 8000 8000 3 320 Y 2000 0.988 3627 9.99936e-01 6.74579e-01
ref 8000 8000 3 320 N 2000 0.9332 3840 9.99936e-01 6.74581e-01
ref 8000 8000 4 240 Y 2000 1.072 3342 9.99936e-01 6.74579e-01
ref 8000 8000 4 240 N 2000 0.9118 3931 9.99936e-01 6.75549e-01
ref 8000 8000 5 192 Y 2000 1.211 2961 9.99936e-01 6.74579e-01
ref 8000 8000 5 192 N 2000 0.9377 3822 9.99936e-01 6.74577e-01
ref 8000 8000 6 160 Y 2000 0.9772 3667 9.99936e-01 6.74579e-01
ref 8000 8000 6 160 N 2000 0.9538 3758 9.99936e-01 6.75464e-01
ref 8000 8000 8 120 Y 2000 1.045 3429 9.99936e-01 6.74579e-01
ref 8000 8000 8 120 N 2000 0.9567 3746 9.99936e-01 6.75547e-01
ref 8000 8000 10 96 Y 2000 1.097 3268 9.99936e-01 6.74579e-01
ref 8000 8000 10 96 N 2000 0.9159 3913 9.99936e-01 6.75548e-01
ref 8000 8000 12 80 Y 2000 1.073 3340 9.99936e-01 6.74579e-01
ref 8000 8000 12 80 N 2000 0.9311 3849 9.99936e-01 6.75382e-01
ref 8000 8000 15 64 Y 2000 1.146 3127 9.99936e-01 6.74579e-01
ref 8000 8000 15 64 N 2000 0.941 3809 9.99936e-01 6.74581e-01
ref 8000 8000 16 60 Y 2000 1.095 3274 9.99936e-01 6.74579e-01
ref 8000 8000 16 60 N 2000 0.94 3813 9.99936e-01 6.75549e-01
ref 8000 8000 20 48 Y 2000 0.9997 3585 9.99936e-01 6.74579e-01
ref 8000 8000 20 48 N 2000 0.9683 3702 9.99936e-01 6.75549e-01
ref 8000 8000 24 40 Y 2000 1.097 3266 9.99936e-01 6.74579e-01
ref 8000 8000 24 40 N 2000 0.9156 3914 9.99936e-01 6.75229e-01
ref 8000 8000 30 32 Y 2000 1.307 2743 9.99936e-01 6.74579e-01
ref 8000 8000 30 32 N 2000 0.9176 3906 9.99936e-01 6.75159e-01
ref 8000 8000 32 30 Y 2000 1.033 3471 9.99936e-01 6.74579e-01
ref 8000 8000 32 30 N 2000 0.9601 3733 9.99936e-01 6.75550e-01
ref 8000 8000 40 24 Y 2000 1.172 3059 9.99936e-01 6.74579e-01
ref 8000 8000 40 24 N 2000 0.9346 3835 9.99936e-01 6.75551e-01
ref 8000 8000 48 20 Y 2000 1.214 2953 9.99936e-01 6.74579e-01
ref 8000 8000 48 20 N 2000 0.913 3926 9.99936e-01 6.74977e-01
ref 8000 8000 60 16 Y 2000 1.08 3317 9.99936e-01 6.74579e-01
ref 8000 8000 60 16 N 2000 0.9057 3957 9.99936e-01 6.74881e-01
ref 8000 8000 64 15 Y 2000 1.024 3499 9.99936e-01 6.74579e-01
ref 8000 8000 64 15 N 2000 0.9344 3836 9.99936e-01 6.75546e-01
ref 8000 8000 80 12 Y 2000 0.9844 3641 9.99936e-01 6.74579e-01
ref 8000 8000 80 12 N 2000 0.9082 3946 9.99936e-01 6.75551e-01
ref 8000 8000 96 10 Y 2000 1.187 3020 9.99936e-01 6.74579e-01
ref 8000 8000 96 10 N 2000 0.9313 3849 9.99936e-01 6.74700e-01
ref 8000 8000 120 8 Y 2000 1.003 3574 9.99936e-01 6.74579e-01
ref 8000 8000 120 8 N 2000 0.9205 3893 9.99936e-01 6.74665e-01
ref 8000 8000 160 6 Y 2000 1.204 2976 9.99936e-01 6.74579e-01
ref 8000 8000 160 6 N 2000 0.9712 3690 9.99936e-01 6.75552e-01
ref 8000 8000 192 5 Y 2000 1.287 2784 9.99936e-01 6.74579e-01
ref 8000 8000 192 5 N 2000 0.974 3680 9.99936e-01 6.75491e-01
ref 8000 8000 240 4 Y 2000 1.132 3166 9.99936e-01 6.74579e-01
ref 8000 8000 240 4 N 2000 1.021 3509 9.99936e-01 6.75096e-01
ref 8000 8000 320 3 Y 2000 1.413 2537 9.99936e-01 6.74579e-01
ref 8000 8000 320 3 N 2000 1.055 3398 9.99936e-01 6.75546e-01
ref 8000 8000 480 2 Y 2000 1.498 2392 9.99936e-01 6.74579e-01
ref 8000 8000 480 2 N 2000 1.097 3268 9.99936e-01 6.75547e-01
ref 8000 8000 960 1 Y 2000 1.645 2179 9.99936e-01 6.74579e-01
ref 8000 8000 960 1 N 2000 1.229 2917 9.99936e-01 6.75546e-01
