ref 400 400    1 1      Y     400  3.899 0.4596    9.92444e-01 6.25037e-01
ref 400 400    1 1      N     400  3.896 0.4599    9.92444e-01 6.25037e-01
ref 400 400    1 2      Y     400  1.981 0.9045    9.92444e-01 6.25037e-01
ref 400 400    1 2      N     400  1.968 0.9106    9.92444e-01 6.22956e-01
ref 400 400    2 1      Y     400  1.975 0.9073    9.92444e-01 6.25037e-01
ref 400 400    2 1      N     400  1.969 0.91    9.87887e-01 5.86392e-01
ref 400 400    1 4      Y     400  0.9919 1.807    9.92444e-01 6.25037e-01
ref 400 400    1 4      N     400  0.9863 1.817    9.92444e-01 6.22956e-01
ref 400 400    2 2      Y     400  0.9897 1.811    9.92444e-01 6.25037e-01
ref 400 400    2 2      N     400  0.9848 1.82    9.87887e-01 5.85722e-01
ref 400 400    4 1      Y     400  0.994 1.803    9.92444e-01 6.25037e-01
ref 400 400    4 1      N     400  0.9852 1.819    9.87887e-01 5.86392e-01
ref 400 400    1 8      Y     400  0.4975 3.602    9.92444e-01 6.25037e-01
ref 400 400    1 8      N     400  0.5167 3.468    9.92444e-01 6.22956e-01
ref 400 400    2 4      Y     400  0.5008 3.578    9.92444e-01 6.25037e-01
ref 400 400    2 4      N     400  0.4924 3.639    9.87887e-01 5.85722e-01
ref 400 400    4 2      Y     400  0.4997 3.586    9.92444e-01 6.25037e-01
ref 400 400    4 2      N     400  0.4948 3.622    9.87887e-01 5.85722e-01
ref 400 400    8 1      Y     400  0.5014 3.574    9.92444e-01 6.25037e-01
ref 400 400    8 1      N     400  0.4934 3.632    9.87887e-01 5.86392e-01
