unfused-novec 1800 1800 1 96 Y 2000 0.5307 341.9 9.96750e-01 6.48606e-01
unfused-novec 1800 1800 1 96 N 2000 0.4644 390.7 5.41037e-06 1.39911e-06
unfused-novec 1800 1800 2 48 Y 2000 0.5311 341.6 9.96750e-01 6.48606e-01
unfused-novec 1800 1800 2 48 N 2000 0.4769 380.4 8.61484e-01 -nan
unfused-novec 1800 1800 3 32 Y 2000 0.5503 329.7 9.96750e-01 6.48606e-01
unfused-novec 1800 1800 3 32 N 2000 0.5969 304 9.80463e-01 4.27213e-01
unfused-novec 1800 1800 4 24 Y 2000 0.5152 352.2 9.96750e-01 6.48606e-01
unfused-novec 1800 1800 4 24 N 2000 0.468 387.7 9.94529e-01 4.83480e-01
unfused-novec 1800 1800 6 16 Y 2000 0.5076 357.4 9.96750e-01 6.48606e-01
unfused-novec 1800 1800 6 16 N 2000 0.4688 387 9.96703e-01 -nan
unfused-novec 1800 1800 8 12 Y 2000 0.503 360.7 9.96750e-01 6.48606e-01
unfused-novec 1800 1800 8 12 N 2000 0.4654 389.9 9.96749e-01 5.33897e-01
unfused-novec 1800 1800 12 8 Y 2000 0.5015 361.8 9.96750e-01 6.48606e-01
unfused-novec 1800 1800 12 8 N 2000 0.4635 391.4 9.96749e-01 -nan
unfused-novec 1800 1800 16 6 Y 2000 0.5009 362.2 9.96750e-01 6.48606e-01
unfused-novec 1800 1800 16 6 N 2000 0.4663 389.1 9.96708e-01 5.22197e-01
unfused-novec 1800 1800 24 4 Y 2000 0.502 361.4 9.96750e-01 6.48606e-01
unfused-novec 1800 1800 24 4 N 2000 0.4653 389.9 9.94529e-01 4.83480e-01
unfused-novec 1800 1800 32 3 Y 2000 0.5245 345.9 9.96750e-01 6.48606e-01
unfused-novec 1800 1800 32 3 N 2000 0.4999 362.9 9.82167e-01 4.33665e-01
unfused-novec 1800 1800 48 2 Y 2000 0.4954 366.2 9.96750e-01 6.48606e-01
unfused-novec 1800 1800 48 2 N 2000 0.4712 385 8.77226e-01 3.18591e-01
unfused-novec 1800 1800 96 1 Y 2000 0.5023 361.2 9.96750e-01 6.48606e-01
unfused-novec 1800 1800 96 1 N 2000 0.471 385.2 5.41037e-06 -nan
unfused-vec 1800 1800 1 96 Y 2000 0.3593 505 9.96750e-01 6.48606e-01
unfused-vec 1800 1800 1 96 N 2000 0.291 623.6 1.92882e-05 4.99571e-06
unfused-vec 1800 1800 2 48 Y 2000 0.325 558.3 9.96750e-01 6.48606e-01
unfused-vec 1800 1800 2 48 N 2000 0.2757 658.1 8.77213e-01 3.20007e-01
unfused-vec 1800 1800 3 32 Y 2000 0.3788 479 9.96750e-01 6.48606e-01
unfused-vec 1800 1800 3 32 N 2000 0.3428 529.2 9.80463e-01 4.27213e-01
unfused-vec 1800 1800 4 24 Y 2000 0.3255 557.4 9.96750e-01 6.48606e-01
unfused-vec 1800 1800 4 24 N 2000 0.288 630 9.94737e-01 -nan
unfused-vec 1800 1800 6 16 Y 2000 0.3188 569.2 9.96750e-01 6.48606e-01
unfused-vec 1800 1800 6 16 N 2000 0.2772 654.6 9.96703e-01 -nan
unfused-vec 1800 1800 8 12 Y 2000 0.3144 577.1 9.96750e-01 6.48606e-01
unfused-vec 1800 1800 8 12 N 2000 0.2778 653.2 9.96749e-01 5.33897e-01
unfused-vec 1800 1800 12 8 Y 2000 0.3055 594 9.96750e-01 6.48606e-01
unfused-vec 1800 1800 12 8 N 2000 0.2717 667.9 9.96749e-01 5.35261e-01
unfused-vec 1800 1800 16 6 Y 2000 0.3163 573.6 9.96750e-01 6.48606e-01
unfused-vec 1800 1800 16 6 N 2000 0.2775 653.8 9.96708e-01 -nan
unfused-vec 1800 1800 24 4 Y 2000 0.3093 586.7 9.96750e-01 6.48606e-01
unfused-vec 1800 1800 24 4 N 2000 0.2767 655.8 9.94529e-01 -nan
unfused-vec 1800 1800 32 3 Y 2000 0.365 497.1 9.96750e-01 6.48606e-01
unfused-vec 1800 1800 32 3 N 2000 0.3341 543.1 9.82167e-01 4.33665e-01
unfused-vec 1800 1800 48 2 Y 2000 0.3 604.9 9.96750e-01 6.48606e-01
unfused-vec 1800 1800 48 2 N 2000 0.2743 661.5 8.77226e-01 3.18591e-01
unfused-vec 1800 1800 96 1 Y 2000 0.3071 590.9 9.96750e-01 6.48606e-01
unfused-vec 1800 1800 96 1 N 2000 0.2767 655.7 5.41037e-06 -nan
fused-novec 1800 1800 1 96 Y 2000 0.4747 382.2 9.96750e-01 6.48606e-01
fused-novec 1800 1800 1 96 N 2000 0.4088 443.8 5.41037e-06 1.39911e-06
fused-novec 1800 1800 2 48 Y 2000 0.4576 396.5 9.96750e-01 6.48606e-01
fused-novec 1800 1800 2 48 N 2000 0.4091 443.5 8.61484e-01 3.08005e-01
fused-novec 1800 1800 3 32 Y 2000 0.5566 326 9.96750e-01 6.48606e-01
fused-novec 1800 1800 3 32 N 2000 0.5514 329 9.80463e-01 4.27213e-01
fused-novec 1800 1800 4 24 Y 2000 0.4408 411.6 9.96750e-01 6.48606e-01
fused-novec 1800 1800 4 24 N 2000 0.3985 455.3 9.94529e-01 -nan
fused-novec 1800 1800 6 16 Y 2000 0.4367 415.5 9.96750e-01 6.48606e-01
fused-novec 1800 1800 6 16 N 2000 0.3977 456.2 9.96703e-01 -nan
fused-novec 1800 1800 8 12 Y 2000 0.4317 420.3 9.96750e-01 6.48606e-01
fused-novec 1800 1800 8 12 N 2000 0.3949 459.4 9.96749e-01 5.33897e-01
fused-novec 1800 1800 12 8 Y 2000 0.4298 422.2 9.96750e-01 6.48606e-01
fused-novec 1800 1800 12 8 N 2000 0.3945 459.9 9.96749e-01 5.33897e-01
fused-novec 1800 1800 16 6 Y 2000 0.4283 423.6 9.96750e-01 6.48606e-01
fused-novec 1800 1800 16 6 N 2000 0.3943 460.1 9.96708e-01 5.22197e-01
fused-novec 1800 1800 24 4 Y 2000 0.4255 426.4 9.96750e-01 6.48606e-01
fused-novec 1800 1800 24 4 N 2000 0.394 460.5 9.94529e-01 -nan
fused-novec 1800 1800 32 3 Y 2000 0.5478 331.2 9.96750e-01 6.48606e-01
fused-novec 1800 1800 32 3 N 2000 0.5216 347.8 9.82167e-01 -nan
fused-novec 1800 1800 48 2 Y 2000 0.4253 426.6 9.96750e-01 6.48606e-01
fused-novec 1800 1800 48 2 N 2000 0.4016 451.8 8.77226e-01 3.18591e-01
fused-novec 1800 1800 96 1 Y 2000 0.4295 422.4 9.96750e-01 6.48606e-01
fused-novec 1800 1800 96 1 N 2000 0.3981 455.8 5.41037e-06 -nan
fused-vec 1800 1800 1 96 Y 2000 0.3155 575.1 9.96750e-01 6.48606e-01
fused-vec 1800 1800 1 96 N 2000 0.2484 730.3 1.92882e-05 4.99571e-06
fused-vec 1800 1800 2 48 Y 2000 0.2764 656.5 9.96750e-01 6.48606e-01
fused-vec 1800 1800 2 48 N 2000 0.2327 779.6 8.77213e-01 3.20007e-01
fused-vec 1800 1800 3 32 Y 2000 0.3403 533.1 9.96750e-01 6.48606e-01
fused-vec 1800 1800 3 32 N 2000 0.2829 641.3 9.80463e-01 -nan
fused-vec 1800 1800 4 24 Y 2000 0.277 655.1 9.96750e-01 6.48606e-01
fused-vec 1800 1800 4 24 N 2000 0.2349 772.3 9.94737e-01 -nan
fused-vec 1800 1800 6 16 Y 2000 0.2722 666.6 9.96750e-01 6.48606e-01
fused-vec 1800 1800 6 16 N 2000 0.2331 778.3 9.96703e-01 -nan
fused-vec 1800 1800 8 12 Y 2000 0.2734 663.6 9.96750e-01 6.48606e-01
fused-vec 1800 1800 8 12 N 2000 0.2338 776.1 9.96749e-01 5.33897e-01
fused-vec 1800 1800 12 8 Y 2000 0.2607 696 9.96750e-01 6.48606e-01
fused-vec 1800 1800 12 8 N 2000 0.2275 797.5 9.96749e-01 5.35261e-01
fused-vec 1800 1800 16 6 Y 2000 0.2656 683.2 9.96750e-01 6.48606e-01
fused-vec 1800 1800 16 6 N 2000 0.2286 793.8 9.96708e-01 -nan
fused-vec 1800 1800 24 4 Y 2000 0.259 700.5 9.96750e-01 6.48606e-01
fused-vec 1800 1800 24 4 N 2000 0.2294 791.1 9.94529e-01 4.83480e-01
fused-vec 1800 1800 32 3 Y 2000 0.3262 556.2 9.96750e-01 6.48606e-01
fused-vec 1800 1800 32 3 N 2000 0.2917 622.1 9.82167e-01 4.33665e-01
fused-vec 1800 1800 48 2 Y 2000 0.2548 712.1 9.96750e-01 6.48606e-01
fused-vec 1800 1800 48 2 N 2000 0.228 795.6 8.77226e-01 3.18591e-01
fused-vec 1800 1800 96 1 Y 2000 0.2596 698.8 9.96750e-01 6.48606e-01
fused-vec 1800 1800 96 1 N 2000 0.2309 785.8 5.41037e-06 1.89118e-06
ref 1800 1800 1 96 Y 2000 0.4271 424.8 9.96750e-01 6.48606e-01
ref 1800 1800 1 96 N 2000 0.3958 458.4 9.96750e-01 6.48564e-01
ref 1800 1800 2 48 Y 2000 0.4246 427.4 9.96750e-01 6.48606e-01
ref 1800 1800 2 48 N 2000 0.3917 463.2 9.96750e-01 6.37505e-01
ref 1800 1800 3 32 Y 2000 0.4316 420.4 9.96750e-01 6.48606e-01
ref 1800 1800 3 32 N 2000 0.3913 463.7 9.96750e-01 6.48552e-01
ref 1800 1800 4 24 Y 2000 0.4386 413.6 9.96750e-01 6.48606e-01
ref 1800 1800 4 24 N 2000 0.3964 457.7 9.96750e-01 6.37392e-01
ref 1800 1800 6 16 Y 2000 0.4326 419.4 9.96750e-01 6.48606e-01
ref 1800 1800 6 16 N 2000 0.3911 463.9 9.96750e-01 6.37470e-01
ref 1800 1800 8 12 Y 2000 0.4275 424.4 9.96750e-01 6.48606e-01
ref 1800 1800 8 12 N 2000 0.3949 459.4 9.96750e-01 6.37392e-01
ref 1800 1800 12 8 Y 2000 0.443 409.6 9.96750e-01 6.48606e-01
ref 1800 1800 12 8 N 2000 0.3975 456.4 9.96750e-01 6.37392e-01
ref 1800 1800 16 6 Y 2000 0.4422 410.4 9.96750e-01 6.48606e-01
ref 1800 1800 16 6 N 2000 0.3966 457.5 9.96750e-01 6.44910e-01
ref 1800 1800 24 4 Y 2000 0.4535 400.1 9.96750e-01 6.48606e-01
ref 1800 1800 24 4 N 2000 0.4048 448.2 9.96750e-01 6.37392e-01
ref 1800 1800 32 3 Y 2000 0.4577 396.4 9.96750e-01 6.48606e-01
ref 1800 1800 32 3 N 2000 0.4106 441.8 9.96750e-01 6.45725e-01
ref 1800 1800 48 2 Y 2000 0.4714 384.9 9.96750e-01 6.48606e-01
ref 1800 1800 48 2 N 2000 0.4181 434 9.96750e-01 6.45283e-01
ref 1800 1800 96 1 Y 2000 0.4975 364.7 9.96750e-01 6.48606e-01
ref 1800 1800 96 1 N 2000 0.4303 421.7 9.96750e-01 6.39900e-01
