unfused-novec 8000 8000 1 480 Y 2000 6.898 519.5 9.99936e-01 6.74577e-01
unfused-novec 8000 8000 1 480 N 2000 4.299 833.7 6.13509e-07 1.80526e-07
unfused-novec 8000 8000 2 240 Y 2000 3.877 924.5 9.99936e-01 6.74578e-01
unfused-novec 8000 8000 2 240 N 2000 3.06 1171 2.33427e-02 1.09249e-02
unfused-novec 8000 8000 3 160 Y 2000 3.515 1020 9.99936e-01 6.74579e-01
unfused-novec 8000 8000 3 160 N 2000 2.624 1366 2.48276e-01 1.14928e-01
unfused-novec 8000 8000 4 120 Y 2000 3.12 1149 9.99936e-01 6.74579e-01
unfused-novec 8000 8000 4 120 N 2000 2.725 1315 5.46450e-01 2.47437e-01
unfused-novec 8000 8000 5 96 Y 2000 2.765 1296 9.99936e-01 6.74579e-01
unfused-novec 8000 8000 5 96 N 2000 2.564 1398 7.42144e-01 3.45590e-01
unfused-novec 8000 8000 6 80 Y 2000 2.922 1226 9.99936e-01 6.74579e-01
unfused-novec 8000 8000 6 80 N 2000 2.423 1479 8.65029e-01 4.10406e-01
unfused-novec 8000 8000 8 60 Y 2000 2.695 1330 9.99936e-01 6.74579e-01
unfused-novec 8000 8000 8 60 N 2000 2.384 1503 9.66500e-01 4.78612e-01
unfused-novec 8000 8000 10 48 Y 2000 2.565 1397 9.99936e-01 6.74579e-01
unfused-novec 8000 8000 10 48 N 2000 2.348 1526 9.93528e-01 5.14128e-01
unfused-novec 8000 8000 12 40 Y 2000 2.737 1310 9.99936e-01 6.74579e-01
unfused-novec 8000 8000 12 40 N 2000 2.595 1381 9.98914e-01 -nan
unfused-novec 8000 8000 15 32 Y 2000 2.405 1490 9.99936e-01 6.74579e-01
unfused-novec 8000 8000 15 32 N 2000 2.271 1578 9.99897e-01 5.51161e-01
unfused-novec 8000 8000 16 30 Y 2000 2.683 1336 9.99936e-01 6.74579e-01
unfused-novec 8000 8000 16 30 N 2000 2.542 1410 9.99925e-01 -nan
unfused-novec 8000 8000 20 24 Y 2000 2.45 1463 9.99936e-01 6.74579e-01
unfused-novec 8000 8000 20 24 N 2000 2.271 1578 9.99936e-01 5.60292e-01
unfused-novec 8000 8000 24 20 Y 2000 2.583 1388 9.99936e-01 6.74579e-01
unfused-novec 8000 8000 24 20 N 2000 2.469 1452 9.99936e-01 5.60670e-01
unfused-novec 8000 8000 30 16 Y 2000 2.652 1351 9.99936e-01 6.74579e-01
unfused-novec 8000 8000 30 16 N 2000 2.271 1578 9.99925e-01 5.54382e-01
unfused-novec 8000 8000 32 15 Y 2000 2.375 1509 9.99936e-01 6.74579e-01
unfused-novec 8000 8000 32 15 N 2000 2.258 1587 9.99897e-01 5.50213e-01
unfused-novec 8000 8000 40 12 Y 2000 2.604 1376 9.99936e-01 6.74579e-01
unfused-novec 8000 8000 40 12 N 2000 2.433 1473 9.98914e-01 5.34856e-01
unfused-novec 8000 8000 48 10 Y 2000 2.763 1297 9.99936e-01 6.74579e-01
unfused-novec 8000 8000 48 10 N 2000 2.461 1456 9.93528e-01 5.15021e-01
unfused-novec 8000 8000 60 8 Y 2000 2.585 1387 9.99936e-01 6.74579e-01
unfused-novec 8000 8000 60 8 N 2000 2.41 1487 9.67952e-01 4.79825e-01
unfused-novec 8000 8000 80 6 Y 2000 2.582 1388 9.99936e-01 6.74579e-01
unfused-novec 8000 8000 80 6 N 2000 2.202 1628 8.65029e-01 4.10346e-01
unfused-novec 8000 8000 96 5 Y 2000 2.533 1415 9.99936e-01 6.74579e-01
unfused-novec 8000 8000 96 5 N 2000 2.35 1525 7.51358e-01 3.47356e-01
unfused-novec 8000 8000 120 4 Y 2000 2.653 1351 9.99936e-01 6.74579e-01
unfused-novec 8000 8000 120 4 N 2000 2.32 1545 5.46450e-01 2.50729e-01
unfused-novec 8000 8000 160 3 Y 2000 3.569 1004 9.99936e-01 6.74579e-01
unfused-novec 8000 8000 160 3 N 2000 2.173 1650 2.48276e-01 -nan
unfused-novec 8000 8000 240 2 Y 2000 3.449 1039 9.99936e-01 6.74579e-01
unfused-novec 8000 8000 240 2 N 2000 2.927 1224 2.95693e-02 1.21652e-02
unfused-novec 8000 8000 480 1 Y 2000 4.407 813.3 9.99936e-01 6.74579e-01
unfused-novec 8000 8000 480 1 N 2000 4.318 830 6.13509e-07 2.51008e-07
unfused-vec 8000 8000 1 480 Y 2000 2.921 1227 9.99936e-01 6.74573e-01
unfused-vec 8000 8000 1 480 N 2000 2.365 1515 2.67780e-06 7.91818e-07
unfused-vec 8000 8000 2 240 Y 2000 2.611 1373 9.99936e-01 6.74578e-01
unfused-vec 8000 8000 2 240 N 2000 1.992 1799 2.94472e-02 1.39910e-02
unfused-vec 8000 8000 3 160 Y 2000 2.307 1553 9.99936e-01 6.74578e-01
unfused-vec 8000 8000 3 160 N 2000 1.811 1979 2.48276e-01 1.14928e-01
unfused-vec 8000 8000 4 120 Y 2000 2.265 1582 9.99936e-01 6.74579e-01
unfused-vec 8000 8000 4 120 N 2000 1.858 1929 5.60849e-01 2.50498e-01
unfused-vec 8000 8000 5 96 Y 2000 2.14 1675 9.99936e-01 6.74579e-01
unfused-vec 8000 8000 5 96 N 2000 1.789 2004 7.51035e-01 3.52237e-01
unfused-vec 8000 8000 6 80 Y 2000 2.178 1646 9.99936e-01 6.74579e-01
unfused-vec 8000 8000 6 80 N 2000 1.753 2044 8.65029e-01 4.10406e-01
unfused-vec 8000 8000 8 60 Y 2000 2.001 1791 9.99936e-01 6.74579e-01
unfused-vec 8000 8000 8 60 N 2000 1.742 2058 9.67871e-01 4.81861e-01
unfused-vec 8000 8000 10 48 Y 2000 2.097 1709 9.99936e-01 6.74579e-01
unfused-vec 8000 8000 10 48 N 2000 1.701 2107 9.93823e-01 5.14925e-01
unfused-vec 8000 8000 12 40 Y 2000 1.927 1860 9.99936e-01 6.74579e-01
unfused-vec 8000 8000 12 40 N 2000 1.713 2092 9.98914e-01 5.35019e-01
unfused-vec 8000 8000 15 32 Y 2000 1.927 1860 9.99936e-01 6.74579e-01
unfused-vec 8000 8000 15 32 N 2000 1.715 2090 9.99897e-01 5.51161e-01
unfused-vec 8000 8000 16 30 Y 2000 2.017 1777 9.99936e-01 6.74579e-01
unfused-vec 8000 8000 16 30 N 2000 1.753 2045 9.99926e-01 5.54327e-01
unfused-vec 8000 8000 20 24 Y 2000 1.89 1896 9.99936e-01 6.74579e-01
unfused-vec 8000 8000 20 24 N 2000 1.684 2129 9.99936e-01 -nan
unfused-vec 8000 8000 24 20 Y 2000 1.925 1862 9.99936e-01 6.74579e-01
unfused-vec 8000 8000 24 20 N 2000 1.705 2102 9.99936e-01 -nan
unfused-vec 8000 8000 30 16 Y 2000 2.029 1766 9.99936e-01 6.74579e-01
unfused-vec 8000 8000 30 16 N 2000 1.694 2115 9.99925e-01 5.54382e-01
unfused-vec 8000 8000 32 15 Y 2000 1.926 1861 9.99936e-01 6.74579e-01
unfused-vec 8000 8000 32 15 N 2000 1.661 2158 9.99897e-01 5.50821e-01
unfused-vec 8000 8000 40 12 Y 2000 1.948 1840 9.99936e-01 6.74579e-01
unfused-vec 8000 8000 40 12 N 2000 1.668 2149 9.98914e-01 5.35000e-01
unfused-vec 8000 8000 48 10 Y 2000 1.895 1891 9.99936e-01 6.74579e-01
unfused-vec 8000 8000 48 10 N 2000 1.715 2090 9.93528e-01 5.15021e-01
unfused-vec 8000 8000 60 8 Y 2000 1.988 1803 9.99936e-01 6.74579e-01
unfused-vec 8000 8000 60 8 N 2000 1.683 2130 9.67952e-01 4.79825e-01
unfused-vec 8000 8000 80 6 Y 2000 1.93 1857 9.99936e-01 6.74579e-01
unfused-vec 8000 8000 80 6 N 2000 1.711 2095 8.65029e-01 4.10503e-01
unfused-vec 8000 8000 96 5 Y 2000 1.962 1827 9.99936e-01 6.74579e-01
unfused-vec 8000 8000 96 5 N 2000 1.745 2054 7.51358e-01 3.47356e-01
unfused-vec 8000 8000 120 4 Y 2000 2.016 1778 9.99936e-01 6.74579e-01
unfused-vec 8000 8000 120 4 N 2000 1.742 2058 5.46450e-01 -nan
unfused-vec 8000 8000 160 3 Y 2000 2.347 1527 9.99936e-01 6.74579e-01
unfused-vec 8000 8000 160 3 N 2000 1.762 2035 2.48276e-01 1.14667e-01
unfused-vec 8000 8000 240 2 Y 2000 2.428 1476 9.99936e-01 6.74579e-01
unfused-vec 8000 8000 240 2 N 2000 1.921 1865 2.95693e-02 1.21652e-02
unfused-vec 8000 8000 480 1 Y 2000 2.248 1595 9.99936e-01 6.74579e-01
unfused-vec 8000 8000 480 1 N 2000 2.076 1726 6.13509e-07 2.51008e-07
fused-novec 8000 8000 1 480 Y 2000 6.891 520.1 9.99936e-01 6.74577e-01
fused-novec 8000 8000 1 480 N 2000 6.215 576.6 6.13509e-07 1.80526e-07
fused-novec 8000 8000 2 240 Y 2000 6.19 579 9.99936e-01 6.74578e-01
fused-novec 8000 8000 2 240 N 2000 3.293 1088 2.33427e-02 1.09249e-02
fused-novec 8000 8000 3 160 Y 2000 2.821 1270 9.99936e-01 6.74579e-01
fused-novec 8000 8000 3 160 N 2000 2.013 1781 2.48276e-01 1.14928e-01
fused-novec 8000 8000 4 120 Y 2000 2.252 1591 9.99936e-01 6.74579e-01
fused-novec 8000 8000 4 120 N 2000 2.018 1776 5.46450e-01 2.47437e-01
fused-novec 8000 8000 5 96 Y 2000 2.257 1588 9.99936e-01 6.74579e-01
fused-novec 8000 8000 5 96 N 2000 1.946 1842 7.42144e-01 3.45590e-01
fused-novec 8000 8000 6 80 Y 2000 2.169 1652 9.99936e-01 6.74579e-01
fused-novec 8000 8000 6 80 N 2000 1.886 1901 8.65029e-01 4.10406e-01
fused-novec 8000 8000 8 60 Y 2000 2.168 1653 9.99936e-01 6.74579e-01
fused-novec 8000 8000 8 60 N 2000 1.948 1840 9.66500e-01 4.78612e-01
fused-novec 8000 8000 10 48 Y 2000 2.188 1638 9.99936e-01 6.74579e-01
fused-novec 8000 8000 10 48 N 2000 1.863 1924 9.93528e-01 5.14128e-01
fused-novec 8000 8000 12 40 Y 2000 2.149 1668 9.99936e-01 6.74579e-01
fused-novec 8000 8000 12 40 N 2000 1.921 1866 9.98914e-01 5.35019e-01
fused-novec 8000 8000 15 32 Y 2000 2.126 1686 9.99936e-01 6.74579e-01
fused-novec 8000 8000 15 32 N 2000 1.824 1965 9.99897e-01 5.51161e-01
fused-novec 8000 8000 16 30 Y 2000 2.122 1689 9.99936e-01 6.74579e-01
fused-novec 8000 8000 16 30 N 2000 1.898 1888 9.99925e-01 5.53888e-01
fused-novec 8000 8000 20 24 Y 2000 2.054 1745 9.99936e-01 6.74579e-01
fused-novec 8000 8000 20 24 N 2000 1.836 1952 9.99936e-01 5.60292e-01
fused-novec 8000 8000 24 20 Y 2000 2.061 1739 9.99936e-01 6.74579e-01
fused-novec 8000 8000 24 20 N 2000 1.876 1910 9.99936e-01 5.60670e-01
fused-novec 8000 8000 30 16 Y 2000 1.992 1799 9.99936e-01 6.74579e-01
fused-novec 8000 8000 30 16 N 2000 1.834 1954 9.99925e-01 5.54382e-01
fused-novec 8000 8000 32 15 Y 2000 2.098 1708 9.99936e-01 6.74579e-01
fused-novec 8000 8000 32 15 N 2000 1.859 1928 9.99897e-01 5.50213e-01
fused-novec 8000 8000 40 12 Y 2000 2.033 1763 9.99936e-01 6.74579e-01
fused-novec 8000 8000 40 12 N 2000 1.86 1927 9.98914e-01 5.34856e-01
fused-novec 8000 8000 48 10 Y 2000 2.017 1777 9.99936e-01 6.74579e-01
fused-novec 8000 8000 48 10 N 2000 1.869 1917 9.93528e-01 -nan
fused-novec 8000 8000 60 8 Y 2000 2.027 1768 9.99936e-01 6.74579e-01
fused-novec 8000 8000 60 8 N 2000 1.865 1922 9.67952e-01 4.79825e-01
fused-novec 8000 8000 80 6 Y 2000 2.016 1778 9.99936e-01 6.74579e-01
fused-novec 8000 8000 80 6 N 2000 1.966 1823 8.65029e-01 4.10346e-01
fused-novec 8000 8000 96 5 Y 2000 2.066 1735 9.99936e-01 6.74579e-01
fused-novec 8000 8000 96 5 N 2000 1.889 1897 7.51358e-01 -nan
fused-novec 8000 8000 120 4 Y 2000 2.079 1724 9.99936e-01 6.74579e-01
fused-novec 8000 8000 120 4 N 2000 1.955 1833 5.46450e-01 2.50729e-01
fused-novec 8000 8000 160 3 Y 2000 2.974 1205 9.99936e-01 6.74579e-01
fused-novec 8000 8000 160 3 N 2000 1.903 1883 2.48276e-01 1.14653e-01
fused-novec 8000 8000 240 2 Y 2000 3.607 993.5 9.99936e-01 6.74579e-01
fused-novec 8000 8000 240 2 N 2000 3.293 1088 2.95693e-02 1.21652e-02
fused-novec 8000 8000 480 1 Y 2000 6.577 545 9.99936e-01 6.74579e-01
fused-novec 8000 8000 480 1 N 2000 6.547 547.4 6.13509e-07 2.51008e-07
fused-vec 8000 8000 1 480 Y 2000 2.937 1220 9.99936e-01 6.74573e-01
fused-vec 8000 8000 1 480 N 2000 2.384 1504 2.67780e-06 7.91818e-07
fused-vec 8000 8000 2 240 Y 2000 2.469 1452 9.99936e-01 6.74578e-01
fused-vec 8000 8000 2 240 N 2000 2.056 1744 2.94472e-02 1.39910e-02
fused-vec 8000 8000 3 160 Y 2000 2.19 1636 9.99936e-01 6.74578e-01
fused-vec 8000 8000 3 160 N 2000 1.793 1999 2.48276e-01 -nan
fused-vec 8000 8000 4 120 Y 2000 2.102 1705 9.99936e-01 6.74579e-01
fused-vec 8000 8000 4 120 N 2000 1.744 2055 5.60849e-01 2.50498e-01
fused-vec 8000 8000 5 96 Y 2000 2.018 1776 9.99936e-01 6.74579e-01
fused-vec 8000 8000 5 96 N 2000 1.733 2068 7.51035e-01 3.52237e-01
fused-vec 8000 8000 6 80 Y 2000 1.925 1862 9.99936e-01 6.74579e-01
fused-vec 8000 8000 6 80 N 2000 1.713 2092 8.65029e-01 4.10406e-01
fused-vec 8000 8000 8 60 Y 2000 1.862 1925 9.99936e-01 6.74579e-01
fused-vec 8000 8000 8 60 N 2000 1.649 2173 9.67871e-01 4.81861e-01
fused-vec 8000 8000 10 48 Y 2000 1.904 1882 9.99936e-01 6.74579e-01
fused-vec 8000 8000 10 48 N 2000 1.63 2199 9.93823e-01 -nan
fused-vec 8000 8000 12 40 Y 2000 1.993 1798 9.99936e-01 6.74579e-01
fused-vec 8000 8000 12 40 N 2000 1.62 2212 9.98914e-01 5.35019e-01
fused-vec 8000 8000 15 32 Y 2000 1.974 1815 9.99936e-01 6.74579e-01
fused-vec 8000 8000 15 32 N 2000 1.605 2233 9.99897e-01 5.51161e-01
fused-vec 8000 8000 16 30 Y 2000 2.009 1784 9.99936e-01 6.74579e-01
fused-vec 8000 8000 16 30 N 2000 1.662 2156 9.99926e-01 5.54327e-01
fused-vec 8000 8000 20 24 Y 2000 1.911 1875 9.99936e-01 6.74579e-01
fused-vec 8000 8000 20 24 N 2000 1.67 2146 9.99936e-01 5.61297e-01
fused-vec 8000 8000 24 20 Y 2000 1.882 1904 9.99936e-01 6.74579e-01
fused-vec 8000 8000 24 20 N 2000 1.62 2212 9.99936e-01 5.60670e-01
fused-vec 8000 8000 30 16 Y 2000 1.826 1963 9.99936e-01 6.74579e-01
fused-vec 8000 8000 30 16 N 2000 1.57 2283 9.99925e-01 5.54382e-01
fused-vec 8000 8000 32 15 Y 2000 1.812 1978 9.99936e-01 6.74579e-01
fused-vec 8000 8000 32 15 N 2000 1.567 2287 9.99897e-01 5.50821e-01
fused-vec 8000 8000 40 12 Y 2000 1.777 2016 9.99936e-01 6.74579e-01
fused-vec 8000 8000 40 12 N 2000 1.597 2244 9.98914e-01 5.35000e-01
fused-vec 8000 8000 48 10 Y 2000 1.902 1884 9.99936e-01 6.74579e-01
fused-vec 8000 8000 48 10 N 2000 1.59 2255 9.93528e-01 -nan
fused-vec 8000 8000 60 8 Y 2000 1.939 1848 9.99936e-01 6.74579e-01
fused-vec 8000 8000 60 8 N 2000 1.622 2210 9.67952e-01 4.79825e-01
fused-vec 8000 8000 80 6 Y 2000 2.103 1704 9.99936e-01 6.74579e-01
fused-vec 8000 8000 80 6 N 2000 1.583 2265 8.65029e-01 4.10503e-01
fused-vec 8000 8000 96 5 Y 2000 1.928 1859 9.99936e-01 6.74579e-01
fused-vec 8000 8000 96 5 N 2000 1.614 2221 7.51358e-01 3.47356e-01
fused-vec 8000 8000 120 4 Y 2000 2.028 1767 9.99936e-01 6.74579e-01
fused-vec 8000 8000 120 4 N 2000 1.621 2210 5.46450e-01 2.50729e-01
fused-vec 8000 8000 160 3 Y 2000 2.039 1758 9.99936e-01 6.74579e-01
fused-vec 8000 8000 160 3 N 2000 1.615 2220 2.48276e-01 1.14667e-01
fused-vec 8000 8000 240 2 Y 2000 2.126 1685 9.99936e-01 6.74579e-01
fused-vec 8000 8000 240 2 N 2000 1.758 2038 2.95693e-02 1.21652e-02
fused-vec 8000 8000 480 1 Y 2000 2.25 1593 9.99936e-01 6.74579e-01
fused-vec 8000 8000 480 1 N 2000 2.115 1694 6.13509e-07 2.51008e-07
ref 8000 8000 1 480 Y 2000 2.516 1424 9.99936e-01 6.74579e-01
ref 8000 8000 1 480 N 2000 2.388 1501 9.99936e-01 6.74578e-01
ref 8000 8000 2 240 Y 2000 2.337 1534 9.99936e-01 6.74579e-01
ref 8000 8000 2 240 N 2000 2.149 1668 9.99936e-01 6.75549e-01
ref 8000 8000 3 160 Y 2000 2.232 1606 9.99936e-01 6.74579e-01
ref 8000 8000 3 160 N 2000 2.16 1659 9.99936e-01 6.74581e-01
ref 8000 8000 4 120 Y 2000 2.391 1499 9.99936e-01 6.74579e-01
ref 8000 8000 4 120 N 2000 2.219 1615 9.99936e-01 6.75547e-01
ref 8000 8000 5 96 Y 2000 2.333 1536 9.99936e-01 6.74579e-01
ref 8000 8000 5 96 N 2000 2.209 1622 9.99936e-01 6.74581e-01
ref 8000 8000 6 80 Y 2000 2.227 1609 9.99936e-01 6.74579e-01
ref 8000 8000 6 80 N 2000 2.167 1654 9.99936e-01 6.75464e-01
ref 8000 8000 8 60 Y 2000 2.295 1562 9.99936e-01 6.74579e-01
ref 8000 8000 8 60 N 2000 2.208 1623 9.99936e-01 6.75549e-01
ref 8000 8000 10 48 Y 2000 2.285 1569 9.99936e-01 6.74579e-01
ref 8000 8000 10 48 N 2000 2.173 1649 9.99936e-01 6.75549e-01
ref 8000 8000 12 40 Y 2000 2.266 1582 9.99936e-01 6.74579e-01
ref 8000 8000 12 40 N 2000 2.011 1782 9.99936e-01 6.75382e-01
ref 8000 8000 15 32 Y 2000 2.045 1752 9.99936e-01 6.74579e-01
ref 8000 8000 15 32 N 2000 1.92 1867 9.99936e-01 6.74581e-01
ref 8000 8000 16 30 Y 2000 2.16 1659 9.99936e-01 6.74579e-01
ref 8000 8000 16 30 N 2000 1.901 1886 9.99936e-01 6.75550e-01
ref 8000 8000 20 24 Y 2000 2.376 1508 9.99936e-01 6.74579e-01
ref 8000 8000 20 24 N 2000 1.936 1851 9.99936e-01 6.75551e-01
ref 8000 8000 24 20 Y 2000 2.153 1665 9.99936e-01 6.74579e-01
ref 8000 8000 24 20 N 2000 1.897 1889 9.99936e-01 6.75229e-01
ref 8000 8000 30 16 Y 2000 2.135 1679 9.99936e-01 6.74579e-01
ref 8000 8000 30 16 N 2000 1.943 1845 9.99936e-01 6.75159e-01
ref 8000 8000 32 15 Y 2000 2.362 1518 9.99936e-01 6.74579e-01
ref 8000 8000 32 15 N 2000 1.892 1895 9.99936e-01 6.75546e-01
ref 8000 8000 40 12 Y 2000 2.117 1693 9.99936e-01 6.74579e-01
ref 8000 8000 40 12 N 2000 1.978 1812 9.99936e-01 6.75551e-01
ref 8000 8000 48 10 Y 2000 2.276 1575 9.99936e-01 6.74579e-01
ref 8000 8000 48 10 N 2000 1.944 1844 9.99936e-01 6.74977e-01
ref 8000 8000 60 8 Y 2000 2.205 1625 9.99936e-01 6.74579e-01
ref 8000 8000 60 8 N 2000 1.966 1823 9.99936e-01 6.74881e-01
ref 8000 8000 80 6 Y 2000 2.296 1561 9.99936e-01 6.74579e-01
ref 8000 8000 80 6 N 2000 1.988 1803 9.99936e-01 6.75552e-01
ref 8000 8000 96 5 Y 2000 2.379 1506 9.99936e-01 6.74579e-01
ref 8000 8000 96 5 N 2000 2.04 1757 9.99936e-01 6.74698e-01
ref 8000 8000 120 4 Y 2000 2.476 1447 9.99936e-01 6.74579e-01
ref 8000 8000 120 4 N 2000 2.143 1672 9.99936e-01 6.74665e-01
ref 8000 8000 160 3 Y 2000 2.545 1408 9.99936e-01 6.74579e-01
ref 8000 8000 160 3 N 2000 2.104 1703 9.99936e-01 6.75546e-01
ref 8000 8000 240 2 Y 2000 2.745 1305 9.99936e-01 6.74579e-01
ref 8000 8000 240 2 N 2000 2.269 1579 9.99936e-01 6.75096e-01
ref 8000 8000 480 1 Y 2000 3.26 1099 9.99936e-01 6.74579e-01
ref 8000 8000 480 1 N 2000 2.638 1358 9.99936e-01 6.75545e-01
