unfused-novec 8000 8000 1 192 Y 2000 7.099 504.8 9.99936e-01 6.74577e-01
unfused-novec 8000 8000 1 192 N 2000 5.975 599.9 1.14757e-01 4.95714e-02
unfused-novec 8000 8000 2 96 Y 2000 7.953 450.6 9.99936e-01 6.74579e-01
unfused-novec 8000 8000 2 96 N 2000 6.176 580.3 7.42144e-01 3.50082e-01
unfused-novec 8000 8000 3 64 Y 2000 8.031 446.2 9.99936e-01 6.74579e-01
unfused-novec 8000 8000 3 64 N 2000 6.78 528.6 9.52213e-01 4.75695e-01
unfused-novec 8000 8000 4 48 Y 2000 6.19 579 9.99936e-01 6.74579e-01
unfused-novec 8000 8000 4 48 N 2000 6.136 584.1 9.93528e-01 5.27165e-01
unfused-novec 8000 8000 6 32 Y 2000 6.302 568.7 9.99936e-01 6.74579e-01
unfused-novec 8000 8000 6 32 N 2000 6.092 588.3 9.99897e-01 5.72660e-01
unfused-novec 8000 8000 8 24 Y 2000 6.188 579.2 9.99936e-01 6.74579e-01
unfused-novec 8000 8000 8 24 N 2000 6.329 566.3 9.99936e-01 5.90394e-01
unfused-novec 8000 8000 12 16 Y 2000 6.278 570.9 9.99936e-01 6.74579e-01
unfused-novec 8000 8000 12 16 N 2000 6.24 574.4 9.99936e-01 6.02540e-01
unfused-novec 8000 8000 16 12 Y 2000 6.15 582.7 9.99936e-01 6.74579e-01
unfused-novec 8000 8000 16 12 N 2000 6.1 587.5 9.99936e-01 6.02358e-01
unfused-novec 8000 8000 24 8 Y 2000 6.129 584.7 9.99936e-01 6.74579e-01
unfused-novec 8000 8000 24 8 N 2000 6.206 577.5 9.99936e-01 5.90791e-01
unfused-novec 8000 8000 32 6 Y 2000 6.033 594.1 9.99936e-01 6.74579e-01
unfused-novec 8000 8000 32 6 N 2000 6.05 592.4 9.99897e-01 5.72577e-01
unfused-novec 8000 8000 48 4 Y 2000 6.125 585.1 9.99936e-01 6.74579e-01
unfused-novec 8000 8000 48 4 N 2000 6.209 577.2 9.93528e-01 5.28079e-01
unfused-novec 8000 8000 64 3 Y 2000 9.656 371.2 9.99936e-01 6.74579e-01
unfused-novec 8000 8000 64 3 N 2000 5.932 604.2 9.52213e-01 4.74870e-01
unfused-novec 8000 8000 96 2 Y 2000 8.78 408.2 9.99936e-01 6.74579e-01
unfused-novec 8000 8000 96 2 N 2000 6.126 585.1 7.51358e-01 3.52593e-01
unfused-novec 8000 8000 192 1 Y 2000 6.239 574.5 9.99936e-01 6.74579e-01
unfused-novec 8000 8000 192 1 N 2000 6.043 593.1 1.14757e-01 5.18944e-02
unfused-vec 8000 8000 1 192 Y 2000 4.676 766.5 9.99936e-01 6.74578e-01
unfused-vec 8000 8000 1 192 N 2000 3.687 972 1.14757e-01 5.40572e-02
unfused-vec 8000 8000 2 96 Y 2000 5.2 689.3 9.99936e-01 6.74579e-01
unfused-vec 8000 8000 2 96 N 2000 3.752 955.1 7.51035e-01 3.56809e-01
unfused-vec 8000 8000 3 64 Y 2000 5.046 710.3 9.99936e-01 6.74579e-01
unfused-vec 8000 8000 3 64 N 2000 3.697 969.5 9.54116e-01 4.79317e-01
unfused-vec 8000 8000 4 48 Y 2000 3.852 930.5 9.99936e-01 6.74579e-01
unfused-vec 8000 8000 4 48 N 2000 3.71 966 9.93823e-01 5.27981e-01
unfused-vec 8000 8000 6 32 Y 2000 3.797 943.9 9.99936e-01 6.74579e-01
unfused-vec 8000 8000 6 32 N 2000 3.654 980.8 9.99897e-01 5.72660e-01
unfused-vec 8000 8000 8 24 Y 2000 3.767 951.5 9.99936e-01 6.74579e-01
unfused-vec 8000 8000 8 24 N 2000 3.678 974.6 9.99936e-01 5.91452e-01
unfused-vec 8000 8000 12 16 Y 2000 3.908 917.2 9.99936e-01 6.74579e-01
unfused-vec 8000 8000 12 16 N 2000 3.703 967.8 9.99936e-01 6.02540e-01
unfused-vec 8000 8000 16 12 Y 2000 3.763 952.4 9.99936e-01 6.74579e-01
unfused-vec 8000 8000 16 12 N 2000 3.677 974.6 9.99936e-01 6.02520e-01
unfused-vec 8000 8000 24 8 Y 2000 3.916 915.1 9.99936e-01 6.74579e-01
unfused-vec 8000 8000 24 8 N 2000 3.749 955.9 9.99936e-01 5.90791e-01
unfused-vec 8000 8000 32 6 Y 2000 4.117 870.5 9.99936e-01 6.74579e-01
unfused-vec 8000 8000 32 6 N 2000 3.687 972.2 9.99897e-01 5.72796e-01
unfused-vec 8000 8000 48 4 Y 2000 3.802 942.5 9.99936e-01 6.74579e-01
unfused-vec 8000 8000 48 4 N 2000 3.801 942.9 9.93528e-01 5.28079e-01
unfused-vec 8000 8000 64 3 Y 2000 5.885 609 9.99936e-01 6.74579e-01
unfused-vec 8000 8000 64 3 N 2000 3.726 961.9 9.52213e-01 4.74929e-01
unfused-vec 8000 8000 96 2 Y 2000 5.713 627.4 9.99936e-01 6.74579e-01
unfused-vec 8000 8000 96 2 N 2000 3.63 987.3 7.51358e-01 3.52593e-01
unfused-vec 8000 8000 192 1 Y 2000 4.14 865.8 9.99936e-01 6.74579e-01
unfused-vec 8000 8000 192 1 N 2000 3.799 943.4 1.14757e-01 5.18944e-02
fused-novec 8000 8000 1 192 Y 2000 8.301 431.8 9.99936e-01 6.74578e-01
fused-novec 8000 8000 1 192 N 2000 7.055 508 1.14757e-01 4.95714e-02
fused-novec 8000 8000 2 96 Y 2000 8.848 405 9.99936e-01 6.74579e-01
fused-novec 8000 8000 2 96 N 2000 7.04 509.1 7.42144e-01 3.50082e-01
fused-novec 8000 8000 3 64 Y 2000 7.571 473.4 9.99936e-01 6.74579e-01
fused-novec 8000 8000 3 64 N 2000 7.03 509.8 9.52213e-01 4.75695e-01
fused-novec 8000 8000 4 48 Y 2000 7.125 503 9.99936e-01 6.74579e-01
fused-novec 8000 8000 4 48 N 2000 7.236 495.3 9.93528e-01 5.27165e-01
fused-novec 8000 8000 6 32 Y 2000 7.019 510.6 9.99936e-01 6.74579e-01
fused-novec 8000 8000 6 32 N 2000 7.018 510.7 9.99897e-01 5.72660e-01
fused-novec 8000 8000 8 24 Y 2000 6.978 513.6 9.99936e-01 6.74579e-01
fused-novec 8000 8000 8 24 N 2000 7.089 505.6 9.99936e-01 5.90394e-01
fused-novec 8000 8000 12 16 Y 2000 7.051 508.3 9.99936e-01 6.74579e-01
fused-novec 8000 8000 12 16 N 2000 7.016 510.9 9.99936e-01 6.02540e-01
fused-novec 8000 8000 16 12 Y 2000 6.952 515.5 9.99936e-01 6.74579e-01
fused-novec 8000 8000 16 12 N 2000 7.427 482.6 9.99936e-01 6.02358e-01
fused-novec 8000 8000 24 8 Y 2000 6.822 525.4 9.99936e-01 6.74579e-01
fused-novec 8000 8000 24 8 N 2000 6.776 528.9 9.99936e-01 5.90791e-01
fused-novec 8000 8000 32 6 Y 2000 7.149 501.4 9.99936e-01 6.74579e-01
fused-novec 8000 8000 32 6 N 2000 6.761 530.1 9.99897e-01 5.72577e-01
fused-novec 8000 8000 48 4 Y 2000 6.8 527.1 9.99936e-01 6.74579e-01
fused-novec 8000 8000 48 4 N 2000 6.771 529.3 9.93528e-01 5.28079e-01
fused-novec 8000 8000 64 3 Y 2000 10.84 330.6 9.99936e-01 6.74579e-01
fused-novec 8000 8000 64 3 N 2000 7.082 506.1 9.52213e-01 4.74870e-01
fused-novec 8000 8000 96 2 Y 2000 10.6 338.1 9.99936e-01 6.74579e-01
fused-novec 8000 8000 96 2 N 2000 6.893 519.9 7.51358e-01 3.52593e-01
fused-novec 8000 8000 192 1 Y 2000 7.286 491.9 9.99936e-01 6.74579e-01
fused-novec 8000 8000 192 1 N 2000 7.113 503.9 1.14757e-01 5.18944e-02
fused-vec 8000 8000 1 192 Y 2000 4.352 823.6 9.99936e-01 6.74577e-01
fused-vec 8000 8000 1 192 N 2000 3.508 1022 1.14757e-01 5.40572e-02
fused-vec 8000 8000 2 96 Y 2000 4.5 796.5 9.99936e-01 6.74578e-01
fused-vec 8000 8000 2 96 N 2000 3.354 1069 7.51035e-01 3.56809e-01
fused-vec 8000 8000 3 64 Y 2000 3.607 993.8 9.99936e-01 6.74579e-01
fused-vec 8000 8000 3 64 N 2000 3.178 1128 9.54116e-01 4.79317e-01
fused-vec 8000 8000 4 48 Y 2000 3.439 1042 9.99936e-01 6.74579e-01
fused-vec 8000 8000 4 48 N 2000 3.22 1113 9.93823e-01 5.27981e-01
fused-vec 8000 8000 6 32 Y 2000 3.38 1060 9.99936e-01 6.74579e-01
fused-vec 8000 8000 6 32 N 2000 3.192 1123 9.99897e-01 5.72660e-01
fused-vec 8000 8000 8 24 Y 2000 3.334 1075 9.99936e-01 6.74579e-01
fused-vec 8000 8000 8 24 N 2000 3.143 1140 9.99936e-01 5.91452e-01
fused-vec 8000 8000 12 16 Y 2000 3.359 1067 9.99936e-01 6.74579e-01
fused-vec 8000 8000 12 16 N 2000 3.191 1123 9.99936e-01 6.02540e-01
fused-vec 8000 8000 16 12 Y 2000 3.243 1105 9.99936e-01 6.74579e-01
fused-vec 8000 8000 16 12 N 2000 3.071 1167 9.99936e-01 6.02520e-01
fused-vec 8000 8000 24 8 Y 2000 3.24 1106 9.99936e-01 6.74579e-01
fused-vec 8000 8000 24 8 N 2000 3.149 1138 9.99936e-01 5.90791e-01
fused-vec 8000 8000 32 6 Y 2000 3.276 1094 9.99936e-01 6.74579e-01
fused-vec 8000 8000 32 6 N 2000 3.199 1120 9.99897e-01 5.72796e-01
fused-vec 8000 8000 48 4 Y 2000 3.271 1096 9.99936e-01 6.74579e-01
fused-vec 8000 8000 48 4 N 2000 3.211 1116 9.93528e-01 5.28079e-01
fused-vec 8000 8000 64 3 Y 2000 4.968 721.5 9.99936e-01 6.74579e-01
fused-vec 8000 8000 64 3 N 2000 3.147 1139 9.52213e-01 4.74929e-01
fused-vec 8000 8000 96 2 Y 2000 4.817 744.1 9.99936e-01 6.74579e-01
fused-vec 8000 8000 96 2 N 2000 3.1 1156 7.51358e-01 3.52593e-01
fused-vec 8000 8000 192 1 Y 2000 3.542 1012 9.99936e-01 6.74579e-01
fused-vec 8000 8000 192 1 N 2000 3.264 1098 1.14757e-01 5.18944e-02
ref 8000 8000 1 192 Y 2000 8.113 441.8 9.99936e-01 6.74579e-01
ref 8000 8000 1 192 N 2000 6.636 540.1 9.99936e-01 6.74577e-01
ref 8000 8000 2 96 Y 2000 6.755 530.6 9.99936e-01 6.74579e-01
ref 8000 8000 2 96 N 2000 6.692 535.5 9.99936e-01 6.75548e-01
ref 8000 8000 3 64 Y 2000 6.863 522.2 9.99936e-01 6.74579e-01
ref 8000 8000 3 64 N 2000 6.964 514.6 9.99936e-01 6.74581e-01
ref 8000 8000 4 48 Y 2000 6.857 522.7 9.99936e-01 6.74579e-01
ref 8000 8000 4 48 N 2000 6.677 536.7 9.99936e-01 6.75549e-01
ref 8000 8000 6 32 Y 2000 6.964 514.7 9.99936e-01 6.74579e-01
ref 8000 8000 6 32 N 2000 7.012 511.1 9.99936e-01 6.75464e-01
ref 8000 8000 8 24 Y 2000 7.038 509.2 9.99936e-01 6.74579e-01
ref 8000 8000 8 24 N 2000 7.321 489.6 9.99936e-01 6.75551e-01
ref 8000 8000 12 16 Y 2000 6.834 524.4 9.99936e-01 6.74579e-01
ref 8000 8000 12 16 N 2000 6.854 522.9 9.99936e-01 6.75382e-01
ref 8000 8000 16 12 Y 2000 6.784 528.3 9.99936e-01 6.74579e-01
ref 8000 8000 16 12 N 2000 6.661 538.1 9.99936e-01 6.75551e-01
ref 8000 8000 24 8 Y 2000 6.817 525.8 9.99936e-01 6.74579e-01
ref 8000 8000 24 8 N 2000 9.263 386.9 9.99936e-01 6.75229e-01
ref 8000 8000 32 6 Y 2000 6.898 519.6 9.99936e-01 6.74579e-01
ref 8000 8000 32 6 N 2000 7.02 510.5 9.99936e-01 6.75552e-01
ref 8000 8000 48 4 Y 2000 7.062 507.5 9.99936e-01 6.74579e-01
ref 8000 8000 48 4 N 2000 6.773 529.2 9.99936e-01 6.74977e-01
ref 8000 8000 64 3 Y 2000 7.132 502.5 9.99936e-01 6.74579e-01
ref 8000 8000 64 3 N 2000 7.005 511.6 9.99936e-01 6.75546e-01
ref 8000 8000 96 2 Y 2000 7.359 487 9.99936e-01 6.74579e-01
ref 8000 8000 96 2 N 2000 7.07 506.9 9.99936e-01 6.74700e-01
ref 8000 8000 192 1 Y 2000 7.995 448.3 9.99936e-01 6.74579e-01
ref 8000 8000 192 1 N 2000 7.102 504.7 9.99936e-01 6.75491e-01
