unfused-novec 1800 1800 1 24 Y 2000 1.921 94.47 9.96750e-01 6.48606e-01
unfused-novec 1800 1800 1 24 N 2000 1.841 98.55 9.94529e-01 4.98634e-01
unfused-novec 1800 1800 2 12 Y 2000 1.896 95.7 9.96750e-01 6.48606e-01
unfused-novec 1800 1800 2 12 N 2000 1.834 98.91 9.96749e-01 5.64555e-01
unfused-novec 1800 1800 3 8 Y 2000 1.901 95.45 9.96750e-01 6.48606e-01
unfused-novec 1800 1800 3 8 N 2000 1.865 97.31 9.96750e-01 5.81374e-01
unfused-novec 1800 1800 4 6 Y 2000 1.889 96.05 9.96750e-01 6.48606e-01
unfused-novec 1800 1800 4 6 N 2000 1.833 99 9.96750e-01 5.86654e-01
unfused-novec 1800 1800 6 4 Y 2000 1.887 96.13 9.96750e-01 6.48606e-01
unfused-novec 1800 1800 6 4 N 2000 1.83 99.17 9.96750e-01 5.86654e-01
unfused-novec 1800 1800 8 3 Y 2000 1.895 95.75 9.96750e-01 6.48606e-01
unfused-novec 1800 1800 8 3 N 2000 1.861 97.47 9.96750e-01 5.91054e-01
unfused-novec 1800 1800 12 2 Y 2000 1.868 97.14 9.96750e-01 6.48606e-01
unfused-novec 1800 1800 12 2 N 2000 1.833 99.01 9.96749e-01 5.64555e-01
unfused-novec 1800 1800 24 1 Y 2000 1.867 97.2 9.96750e-01 6.48606e-01
unfused-novec 1800 1800 24 1 N 2000 1.832 99.05 9.94529e-01 5.04518e-01
unfused-vec 1800 1800 1 24 Y 2000 1.17 155.1 9.96750e-01 6.48606e-01
unfused-vec 1800 1800 1 24 N 2000 1.1 164.9 9.94737e-01 5.03976e-01
unfused-vec 1800 1800 2 12 Y 2000 1.119 162.1 9.96750e-01 6.48606e-01
unfused-vec 1800 1800 2 12 N 2000 1.069 169.7 9.96749e-01 5.64555e-01
unfused-vec 1800 1800 3 8 Y 2000 1.164 155.9 9.96750e-01 6.48606e-01
unfused-vec 1800 1800 3 8 N 2000 1.119 162.1 9.96750e-01 5.82845e-01
unfused-vec 1800 1800 4 6 Y 2000 1.197 151.5 9.96750e-01 6.48606e-01
unfused-vec 1800 1800 4 6 N 2000 1.112 163.1 9.96750e-01 5.86654e-01
unfused-vec 1800 1800 6 4 Y 2000 1.195 151.9 9.96750e-01 6.48606e-01
unfused-vec 1800 1800 6 4 N 2000 1.11 163.5 9.96750e-01 5.86654e-01
unfused-vec 1800 1800 8 3 Y 2000 1.13 160.6 9.96750e-01 6.48606e-01
unfused-vec 1800 1800 8 3 N 2000 1.1 164.9 9.96750e-01 5.91054e-01
unfused-vec 1800 1800 12 2 Y 2000 1.099 165.2 9.96750e-01 6.48606e-01
unfused-vec 1800 1800 12 2 N 2000 1.061 171.1 9.96749e-01 5.64555e-01
unfused-vec 1800 1800 24 1 Y 2000 1.105 164.2 9.96750e-01 6.48606e-01
unfused-vec 1800 1800 24 1 N 2000 1.068 169.9 9.94529e-01 5.04518e-01
fused-novec 1800 1800 1 24 Y 2000 1.645 110.3 9.96750e-01 6.48606e-01
fused-novec 1800 1800 1 24 N 2000 1.566 115.8 9.94529e-01 4.98634e-01
fused-novec 1800 1800 2 12 Y 2000 1.603 113.2 9.96750e-01 6.48606e-01
fused-novec 1800 1800 2 12 N 2000 1.555 116.7 9.96749e-01 5.64555e-01
fused-novec 1800 1800 3 8 Y 2000 1.619 112.1 9.96750e-01 6.48606e-01
fused-novec 1800 1800 3 8 N 2000 1.579 114.9 9.96750e-01 5.81374e-01
fused-novec 1800 1800 4 6 Y 2000 1.592 113.9 9.96750e-01 6.48606e-01
fused-novec 1800 1800 4 6 N 2000 1.548 117.2 9.96750e-01 5.86654e-01
fused-novec 1800 1800 6 4 Y 2000 1.597 113.6 9.96750e-01 6.48606e-01
fused-novec 1800 1800 6 4 N 2000 1.551 117 9.96750e-01 5.86654e-01
fused-novec 1800 1800 8 3 Y 2000 1.61 112.7 9.96750e-01 6.48606e-01
fused-novec 1800 1800 8 3 N 2000 1.578 115 9.96750e-01 5.91054e-01
fused-novec 1800 1800 12 2 Y 2000 1.58 114.8 9.96750e-01 6.48606e-01
fused-novec 1800 1800 12 2 N 2000 1.545 117.4 9.96749e-01 5.64555e-01
fused-novec 1800 1800 24 1 Y 2000 1.583 114.6 9.96750e-01 6.48606e-01
fused-novec 1800 1800 24 1 N 2000 1.549 117.2 9.94529e-01 5.04518e-01
fused-vec 1800 1800 1 24 Y 2000 0.9797 185.2 9.96750e-01 6.48606e-01
fused-vec 1800 1800 1 24 N 2000 0.9093 199.5 9.94737e-01 5.03976e-01
fused-vec 1800 1800 2 12 Y 2000 0.9323 194.6 9.96750e-01 6.48606e-01
fused-vec 1800 1800 2 12 N 2000 0.8842 205.2 9.96749e-01 5.64555e-01
fused-vec 1800 1800 3 8 Y 2000 0.9832 184.5 9.96750e-01 6.48606e-01
fused-vec 1800 1800 3 8 N 2000 0.9432 192.4 9.96750e-01 5.82845e-01
fused-vec 1800 1800 4 6 Y 2000 0.9427 192.5 9.96750e-01 6.48606e-01
fused-vec 1800 1800 4 6 N 2000 0.8849 205 9.96750e-01 5.86654e-01
fused-vec 1800 1800 6 4 Y 2000 0.9396 193.1 9.96750e-01 6.48606e-01
fused-vec 1800 1800 6 4 N 2000 0.8794 206.3 9.96750e-01 5.86654e-01
fused-vec 1800 1800 8 3 Y 2000 0.9679 187.5 9.96750e-01 6.48606e-01
fused-vec 1800 1800 8 3 N 2000 0.939 193.2 9.96750e-01 5.91054e-01
fused-vec 1800 1800 12 2 Y 2000 0.908 199.8 9.96750e-01 6.48606e-01
fused-vec 1800 1800 12 2 N 2000 0.8813 205.9 9.96749e-01 5.64555e-01
fused-vec 1800 1800 24 1 Y 2000 0.9077 199.9 9.96750e-01 6.48606e-01
fused-vec 1800 1800 24 1 N 2000 0.879 206.4 9.94529e-01 5.04518e-01
ref 1800 1800 1 24 Y 2000 1.69 107.3 9.96750e-01 6.48606e-01
ref 1800 1800 1 24 N 2000 1.648 110.1 9.96750e-01 6.48467e-01
ref 1800 1800 2 12 Y 2000 1.578 115 9.96750e-01 6.48606e-01
ref 1800 1800 2 12 N 2000 1.542 117.7 9.96750e-01 6.37392e-01
ref 1800 1800 3 8 Y 2000 1.591 114 9.96750e-01 6.48606e-01
ref 1800 1800 3 8 N 2000 1.546 117.4 9.96750e-01 6.48467e-01
ref 1800 1800 4 6 Y 2000 1.591 114.1 9.96750e-01 6.48606e-01
ref 1800 1800 4 6 N 2000 1.545 117.4 9.96750e-01 6.37392e-01
ref 1800 1800 6 4 Y 2000 1.602 113.2 9.96750e-01 6.48606e-01
ref 1800 1800 6 4 N 2000 1.55 117.1 9.96750e-01 6.37392e-01
ref 1800 1800 8 3 Y 2000 1.595 113.8 9.96750e-01 6.48606e-01
ref 1800 1800 8 3 N 2000 1.554 116.7 9.96750e-01 6.37510e-01
ref 1800 1800 12 2 Y 2000 1.614 112.4 9.96750e-01 6.48606e-01
ref 1800 1800 12 2 N 2000 1.56 116.3 9.96750e-01 6.37392e-01
ref 1800 1800 24 1 Y 2000 1.748 103.8 9.96750e-01 6.48606e-01
ref 1800 1800 24 1 N 2000 1.682 107.9 9.96750e-01 6.37510e-01
